
        300K IR Filter 1 ( 6/10): Band = 0.0e+00-1.0e+10 Hz, Iterations =   19 
        300K IR Filter 1 ( 9/10): Band = 0.0e+00-1.0e+10 Hz, Iterations =   19 
  300K IR Filter Clamp 1 ( 1/ 1): Band = 0.0e+00-1.0e+10 Hz, Iterations =   63 
        300K IR Filter 1 ( 3/10): Band = 0.0e+00-1.0e+10 Hz, Iterations =   19 
        300K IR Filter 1 ( 7/10): Band = 0.0e+00-1.0e+10 Hz, Iterations =   19 
                  Window ( 1/ 1): Band = 0.0e+00-1.0e+10 Hz, Iterations =   16 
        300K IR Filter 1 ( 2/10): Band = 0.0e+00-1.0e+10 Hz, Iterations =   22 
        300K IR Filter 1 ( 4/10): Band = 0.0e+00-1.0e+10 Hz, Iterations =   19 
        300K IR Filter 1 ( 1/10): Band = 0.0e+00-1.0e+10 Hz, Iterations =   19 
        300K IR Filter 1 (10/10): Band = 0.0e+00-1.0e+10 Hz, Iterations =   18 
        300K IR Filter 1 ( 5/10): Band = 0.0e+00-1.0e+10 Hz, Iterations =   19 
    300K IR Filter Gap 1 ( 1/ 1): Band = 0.0e+00-1.0e+10 Hz, Iterations =   75 
        300K IR Filter 1 ( 8/10): Band = 0.0e+00-1.0e+10 Hz, Iterations =   19 
        300K IR Filter 2 (10/10): Band = 0.0e+00-1.0e+10 Hz, Iterations =   16 
         80K IR Filter 1 ( 1/10): Band = 0.0e+00-1.0e+10 Hz, Iterations =   15 
         80K IR Filter 1 ( 3/10): Band = 0.0e+00-1.0e+10 Hz, Iterations =   15 
      Incident Radiation ( 1/ 1): Band = 0.0e+00-1.0e+10 Hz, Iterations =   21 
            Window Clamp ( 1/ 1): Band = 0.0e+00-1.0e+10 Hz, Iterations =   86 
        300K IR Filter 2 ( 7/10): Band = 0.0e+00-1.0e+10 Hz, Iterations =   16 
        300K IR Filter 2 ( 2/10): Band = 0.0e+00-1.0e+10 Hz, Iterations =   18 
         80K IR Filter 1 ( 4/10): Band = 0.0e+00-1.0e+10 Hz, Iterations =   21 
        300K IR Filter 2 ( 8/10): Band = 0.0e+00-1.0e+10 Hz, Iterations =   17 
  300K IR Filter Clamp 2 ( 1/ 1): Band = 0.0e+00-1.0e+10 Hz, Iterations =   55 
        300K IR Filter 2 ( 5/10): Band = 0.0e+00-1.0e+10 Hz, Iterations =   17 
        300K IR Filter 2 ( 6/10): Band = 0.0e+00-1.0e+10 Hz, Iterations =   18 
         80K IR Filter 2 ( 7/10): Band = 0.0e+00-1.0e+10 Hz, Iterations =   15 
         80K IR Filter 2 ( 5/10): Band = 0.0e+00-1.0e+10 Hz, Iterations =   16 
             Front Plate ( 1/ 1): Band = 0.0e+00-1.0e+10 Hz, Iterations =  999 
         80K IR Filter 2 ( 2/10): Band = 0.0e+00-1.0e+10 Hz, Iterations =   16 
         80K IR Filter 1 ( 6/10): Band = 0.0e+00-1.0e+10 Hz, Iterations =   17 
        300K IR Filter 2 ( 9/10): Band = 0.0e+00-1.0e+10 Hz, Iterations =   20 
         80K IR Filter 2 ( 8/10): Band = 0.0e+00-1.0e+10 Hz, Iterations =   15 
         80K IR Filter 1 ( 2/10): Band = 0.0e+00-1.0e+10 Hz, Iterations =   24 
    300K IR Filter Gap 2 ( 1/ 1): Band = 0.0e+00-1.0e+10 Hz, Iterations =   37 
        300K IR Filter 2 ( 1/10): Band = 0.0e+00-1.0e+10 Hz, Iterations =   18 
   80K Al Filter Clamp 1 ( 1/ 1): Band = 0.0e+00-1.0e+10 Hz, Iterations =   48 
   80K IR Filter Clamp 1 ( 1/ 1): Band = 0.0e+00-1.0e+10 Hz, Iterations =  187 
        300K IR Filter 2 ( 3/10): Band = 0.0e+00-1.0e+10 Hz, Iterations =   15 
     80K Al Filter Gap 1 ( 1/ 1): Band = 0.0e+00-1.0e+10 Hz, Iterations =   16 
         80K Al Filter 1 ( 9/10): Band = 0.0e+00-1.0e+10 Hz, Iterations =   14 
         80K IR Filter 2 ( 3/10): Band = 0.0e+00-1.0e+10 Hz, Iterations =   16 
         80K IR Filter 1 ( 9/10): Band = 0.0e+00-1.0e+10 Hz, Iterations =   17 
         80K IR Filter 2 (10/10): Band = 0.0e+00-1.0e+10 Hz, Iterations =   16 
     80K IR Filter Gap 1 ( 1/ 1): Band = 0.0e+00-1.0e+10 Hz, Iterations =   86 
         80K Al Filter 1 ( 6/10): Band = 0.0e+00-1.0e+10 Hz, Iterations =   19 
          4K LP Filter 1 ( 3/10): Band = 0.0e+00-1.0e+10 Hz, Iterations =   15 
         80K IR Filter 1 (10/10): Band = 0.0e+00-1.0e+10 Hz, Iterations =   23 
          4K LP Filter 1 ( 4/10): Band = 0.0e+00-1.0e+10 Hz, Iterations =   19 
          4K LP Filter 1 ( 1/10): Band = 0.0e+00-1.0e+10 Hz, Iterations =   19 
        300K IR Filter 2 ( 4/10): Band = 0.0e+00-1.0e+10 Hz, Iterations =   20 
         40K LP Filter 1 ( 2/10): Band = 0.0e+00-1.0e+10 Hz, Iterations =   16 
          1K LP Filter 1 ( 2/10): Band = 0.0e+00-1.0e+10 Hz, Iterations =   16 
         40K LP Filter 1 (10/10): Band = 0.0e+00-1.0e+10 Hz, Iterations =   16 
         80K IR Filter 2 ( 6/10): Band = 0.0e+00-1.0e+10 Hz, Iterations =   17 
          1K LP Filter 1 ( 3/10): Band = 0.0e+00-1.0e+10 Hz, Iterations =   17 
           Lyot Stop Gap ( 1/ 1): Band = 0.0e+00-1.0e+10 Hz, Iterations =   13 
         80K Al Filter 1 ( 3/10): Band = 0.0e+00-1.0e+10 Hz, Iterations =   17 
         80K IR Filter 2 ( 1/10): Band = 0.0e+00-1.0e+10 Hz, Iterations =   17 
          1K LP Filter 2 ( 5/10): Band = 0.0e+00-1.0e+10 Hz, Iterations =   17 
          1K LP Filter 2 ( 6/10): Band = 0.0e+00-1.0e+10 Hz, Iterations =   15 
         80K IR Filter 2 ( 4/10): Band = 0.0e+00-1.0e+10 Hz, Iterations =   16 
         80K Al Filter 1 ( 7/10): Band = 0.0e+00-1.0e+10 Hz, Iterations =   17 
          4K LP Filter 1 ( 6/10): Band = 0.0e+00-1.0e+10 Hz, Iterations =   19 
           Lyot Stop Top ( 1/ 1): Band = 0.0e+00-1.0e+10 Hz, Iterations =   18 
          1K LP Filter 2 ( 3/10): Band = 0.0e+00-1.0e+10 Hz, Iterations =   21 
       100mK LP Filter 1 ( 7/10): Band = 0.0e+00-1.0e+10 Hz, Iterations =   15 
       100mK LP Filter 1 ( 8/10): Band = 0.0e+00-1.0e+10 Hz, Iterations =   18 
         80K IR Filter 1 ( 5/10): Band = 0.0e+00-1.0e+10 Hz, Iterations =   17 
         80K Al Filter 1 ( 1/10): Band = 0.0e+00-1.0e+10 Hz, Iterations =   19 
         80K Al Filter 1 ( 4/10): Band = 0.0e+00-1.0e+10 Hz, Iterations =   17 
         80K IR Filter 1 ( 7/10): Band = 0.0e+00-1.0e+10 Hz, Iterations =   15 
       100mK LP Filter 1 ( 5/10): Band = 0.0e+00-1.0e+10 Hz, Iterations =   15 
      1K LP Filter Gap 1 ( 1/ 1): Band = 0.0e+00-1.0e+10 Hz, Iterations =   12 
         40K LP Filter 1 ( 7/10): Band = 0.0e+00-1.0e+10 Hz, Iterations =   14 
          1K LP Filter 1 ( 5/10): Band = 0.0e+00-1.0e+10 Hz, Iterations =   15 
       100mK LP Filter 1 ( 2/10): Band = 0.0e+00-1.0e+10 Hz, Iterations =   15 
          1K LP Filter 2 ( 8/10): Band = 0.0e+00-1.0e+10 Hz, Iterations =   11 
       100mK LP Filter 1 (10/10): Band = 0.0e+00-1.0e+10 Hz, Iterations =   15 
         40K LP Filter 1 ( 8/10): Band = 0.0e+00-1.0e+10 Hz, Iterations =   16 
   40K LP Filter Clamp 1 ( 1/ 1): Band = 0.0e+00-1.0e+10 Hz, Iterations =   16 
         80K IR Filter 1 ( 8/10): Band = 0.0e+00-1.0e+10 Hz, Iterations =   16 
         40K LP Filter 1 ( 5/10): Band = 0.0e+00-1.0e+10 Hz, Iterations =   17 
         80K Al Filter 1 ( 2/10): Band = 0.0e+00-1.0e+10 Hz, Iterations =   24 
    4K LP Filter Clamp 1 ( 1/ 1): Band = 0.0e+00-1.0e+10 Hz, Iterations =   18 
         80K Al Filter 1 (10/10): Band = 0.0e+00-1.0e+10 Hz, Iterations =   19 
          1K LP Filter 1 (10/10): Band = 0.0e+00-1.0e+10 Hz, Iterations =   12 
          4K Baffle Tube ( 1/ 1): Band = 0.0e+00-1.0e+10 Hz, Iterations =   16 
        Lyot Stop Middle ( 1/ 1): Band = 0.0e+00-1.0e+10 Hz, Iterations =   13 
         80K IR Filter 2 ( 9/10): Band = 0.0e+00-1.0e+10 Hz, Iterations =   15 
      1K LP Filter Gap 2 ( 1/ 1): Band = 0.0e+00-1.0e+10 Hz, Iterations =   11 
          4K LP Filter 1 ( 9/10): Band = 0.0e+00-1.0e+10 Hz, Iterations =   14 
         80K Al Filter 1 ( 8/10): Band = 0.0e+00-1.0e+10 Hz, Iterations =   15 
         80K Al Filter 1 ( 5/10): Band = 0.0e+00-1.0e+10 Hz, Iterations =   20 
          1K LP Filter 2 ( 1/10): Band = 0.0e+00-1.0e+10 Hz, Iterations =   17 
    1K LP Filter Clamp 1 ( 1/ 1): Band = 0.0e+00-1.0e+10 Hz, Iterations =   13 
         40K LP Filter 1 ( 6/10): Band = 0.0e+00-1.0e+10 Hz, Iterations =   19 
   80K IR Filter Clamp 2 ( 1/ 1): Band = 0.0e+00-1.0e+10 Hz, Iterations =   77 
          4K LP Filter 1 ( 2/10): Band = 0.0e+00-1.0e+10 Hz, Iterations =   16 
          1K LP Filter 1 ( 8/10): Band = 0.0e+00-1.0e+10 Hz, Iterations =   18 
       100mK LP Filter 1 ( 3/10): Band = 0.0e+00-1.0e+10 Hz, Iterations =   20 
                1K Plate ( 1/ 1): Band = 0.0e+00-1.0e+10 Hz, Iterations =   18 
         40K LP Filter 1 ( 1/10): Band = 0.0e+00-1.0e+10 Hz, Iterations =   15 
    1K LP Filter Clamp 2 ( 1/ 1): Band = 0.0e+00-1.0e+10 Hz, Iterations =   12 
         40K LP Filter 1 ( 9/10): Band = 0.0e+00-1.0e+10 Hz, Iterations =   14 
          4K LP Filter 1 (10/10): Band = 0.0e+00-1.0e+10 Hz, Iterations =   17 
     40K LP Filter Gap 1 ( 1/ 1): Band = 0.0e+00-1.0e+10 Hz, Iterations =   15 
          1K LP Filter 1 ( 1/10): Band = 0.0e+00-1.0e+10 Hz, Iterations =   19 
         40K LP Filter 1 ( 3/10): Band = 0.0e+00-1.0e+10 Hz, Iterations =   16 
                4K Plate ( 1/ 1): Band = 0.0e+00-1.0e+10 Hz, Iterations =   22 
          1K LP Filter 1 ( 9/10): Band = 0.0e+00-1.0e+10 Hz, Iterations =   13 
          1K LP Filter 2 ( 4/10): Band = 0.0e+00-1.0e+10 Hz, Iterations =   17 
          4K LP Filter 1 ( 5/10): Band = 0.0e+00-1.0e+10 Hz, Iterations =   20 
        Lyot Stop Bottom ( 1/ 1): Band = 0.0e+00-1.0e+10 Hz, Iterations =   13 
   1K LP Filter Holder 2 ( 1/ 1): Band = 0.0e+00-1.0e+10 Hz, Iterations =   12 
   1K LP Filter Holder 1 ( 1/ 1): Band = 0.0e+00-1.0e+10 Hz, Iterations =   13 
       100mK LP Filter 1 ( 6/10): Band = 0.0e+00-1.0e+10 Hz, Iterations =   20 
          4K LP Filter 1 ( 7/10): Band = 0.0e+00-1.0e+10 Hz, Iterations =   17 
          1K LP Filter 2 ( 2/10): Band = 0.0e+00-1.0e+10 Hz, Iterations =   14 
          1K LP Filter 1 ( 4/10): Band = 0.0e+00-1.0e+10 Hz, Iterations =   17 
       100mK LP Filter 1 ( 1/10): Band = 0.0e+00-1.0e+10 Hz, Iterations =   18 
     80K IR Filter Gap 2 ( 1/ 1): Band = 0.0e+00-1.0e+10 Hz, Iterations =  999 
       100mK LP Filter 1 ( 4/10): Band = 0.0e+00-1.0e+10 Hz, Iterations =   15 
          1K LP Filter 1 ( 6/10): Band = 0.0e+00-1.0e+10 Hz, Iterations =   16 
          1K LP Filter 2 ( 7/10): Band = 0.0e+00-1.0e+10 Hz, Iterations =   17 
          1K LP Filter 2 ( 9/10): Band = 0.0e+00-1.0e+10 Hz, Iterations =   11 
       100mK LP Filter 1 ( 9/10): Band = 0.0e+00-1.0e+10 Hz, Iterations =   18 
         40K LP Filter 1 ( 4/10): Band = 0.0e+00-1.0e+10 Hz, Iterations =   19 
 100mK LP Filter Clamp 1 ( 1/ 1): Band = 0.0e+00-1.0e+10 Hz, Iterations =   14 
          4K LP Filter 1 ( 8/10): Band = 0.0e+00-1.0e+10 Hz, Iterations =   19 
          1K LP Filter 1 ( 7/10): Band = 0.0e+00-1.0e+10 Hz, Iterations =   16 
          1K LP Filter 2 (10/10): Band = 0.0e+00-1.0e+10 Hz, Iterations =   12 
            Array Module ( 1/ 1): Band = 0.0e+00-1.0e+10 Hz, Iterations =   16 

        300K IR Filter 1 ( 6/10): Band = 1.0e+10-1.0e+11 Hz, Iterations =   23 
        300K IR Filter 1 ( 9/10): Band = 1.0e+10-1.0e+11 Hz, Iterations =   25 
        300K IR Filter 1 ( 3/10): Band = 1.0e+10-1.0e+11 Hz, Iterations =   24 
    300K IR Filter Gap 1 ( 1/ 1): Band = 1.0e+10-1.0e+11 Hz, Iterations =   56 
  300K IR Filter Clamp 1 ( 1/ 1): Band = 1.0e+10-1.0e+11 Hz, Iterations =   69 
        300K IR Filter 1 ( 4/10): Band = 1.0e+10-1.0e+11 Hz, Iterations =   25 
                  Window ( 1/ 1): Band = 1.0e+10-1.0e+11 Hz, Iterations =   26 
             Front Plate ( 1/ 1): Band = 1.0e+10-1.0e+11 Hz, Iterations =   63 
        300K IR Filter 1 (10/10): Band = 1.0e+10-1.0e+11 Hz, Iterations =   24 
        300K IR Filter 1 ( 8/10): Band = 1.0e+10-1.0e+11 Hz, Iterations =   24 
        300K IR Filter 2 (10/10): Band = 1.0e+10-1.0e+11 Hz, Iterations =   22 
        300K IR Filter 1 ( 2/10): Band = 1.0e+10-1.0e+11 Hz, Iterations =   27 
        300K IR Filter 1 ( 1/10): Band = 1.0e+10-1.0e+11 Hz, Iterations =   21 
        300K IR Filter 1 ( 7/10): Band = 1.0e+10-1.0e+11 Hz, Iterations =   25 
        300K IR Filter 1 ( 5/10): Band = 1.0e+10-1.0e+11 Hz, Iterations =   23 
         80K IR Filter 1 ( 1/10): Band = 1.0e+10-1.0e+11 Hz, Iterations =   24 
         80K IR Filter 1 ( 4/10): Band = 1.0e+10-1.0e+11 Hz, Iterations =   21 
            Window Clamp ( 1/ 1): Band = 1.0e+10-1.0e+11 Hz, Iterations =   38 
        300K IR Filter 2 ( 7/10): Band = 1.0e+10-1.0e+11 Hz, Iterations =   23 
         80K IR Filter 1 ( 3/10): Band = 1.0e+10-1.0e+11 Hz, Iterations =   23 
      Incident Radiation ( 1/ 1): Band = 1.0e+10-1.0e+11 Hz, Iterations =   28 
        300K IR Filter 2 ( 8/10): Band = 1.0e+10-1.0e+11 Hz, Iterations =   24 
        300K IR Filter 2 ( 2/10): Band = 1.0e+10-1.0e+11 Hz, Iterations =   23 
         80K IR Filter 2 ( 2/10): Band = 1.0e+10-1.0e+11 Hz, Iterations =   20 
         80K IR Filter 2 ( 8/10): Band = 1.0e+10-1.0e+11 Hz, Iterations =   20 
        300K IR Filter 2 ( 5/10): Band = 1.0e+10-1.0e+11 Hz, Iterations =   24 
         80K IR Filter 2 ( 5/10): Band = 1.0e+10-1.0e+11 Hz, Iterations =   19 
         80K IR Filter 2 ( 7/10): Band = 1.0e+10-1.0e+11 Hz, Iterations =   23 
        300K IR Filter 2 ( 6/10): Band = 1.0e+10-1.0e+11 Hz, Iterations =   23 
        300K IR Filter 2 ( 4/10): Band = 1.0e+10-1.0e+11 Hz, Iterations =   22 
         80K IR Filter 1 ( 6/10): Band = 1.0e+10-1.0e+11 Hz, Iterations =   21 
         80K IR Filter 1 ( 2/10): Band = 1.0e+10-1.0e+11 Hz, Iterations =   29 
   80K IR Filter Clamp 1 ( 1/ 1): Band = 1.0e+10-1.0e+11 Hz, Iterations =  114 
        300K IR Filter 2 ( 9/10): Band = 1.0e+10-1.0e+11 Hz, Iterations =   20 
    300K IR Filter Gap 2 ( 1/ 1): Band = 1.0e+10-1.0e+11 Hz, Iterations =   37 
     80K Al Filter Gap 1 ( 1/ 1): Band = 1.0e+10-1.0e+11 Hz, Iterations =   21 
        300K IR Filter 2 ( 3/10): Band = 1.0e+10-1.0e+11 Hz, Iterations =   26 
     80K IR Filter Gap 1 ( 1/ 1): Band = 1.0e+10-1.0e+11 Hz, Iterations =  131 
         80K IR Filter 1 ( 9/10): Band = 1.0e+10-1.0e+11 Hz, Iterations =   21 
         80K Al Filter 1 ( 6/10): Band = 1.0e+10-1.0e+11 Hz, Iterations =   22 
        300K IR Filter 2 ( 1/10): Band = 1.0e+10-1.0e+11 Hz, Iterations =   26 
         80K Al Filter 1 ( 9/10): Band = 1.0e+10-1.0e+11 Hz, Iterations =   21 
   80K Al Filter Clamp 1 ( 1/ 1): Band = 1.0e+10-1.0e+11 Hz, Iterations =   43 
         80K IR Filter 2 (10/10): Band = 1.0e+10-1.0e+11 Hz, Iterations =   20 
          4K LP Filter 1 ( 4/10): Band = 1.0e+10-1.0e+11 Hz, Iterations =   21 
  300K IR Filter Clamp 2 ( 1/ 1): Band = 1.0e+10-1.0e+11 Hz, Iterations =  999 
         40K LP Filter 1 (10/10): Band = 1.0e+10-1.0e+11 Hz, Iterations =   20 
         80K Al Filter 1 ( 3/10): Band = 1.0e+10-1.0e+11 Hz, Iterations =   21 
          4K LP Filter 1 ( 1/10): Band = 1.0e+10-1.0e+11 Hz, Iterations =   21 
         80K IR Filter 1 (10/10): Band = 1.0e+10-1.0e+11 Hz, Iterations =   21 
          1K LP Filter 1 ( 3/10): Band = 1.0e+10-1.0e+11 Hz, Iterations =   21 
          4K LP Filter 1 ( 3/10): Band = 1.0e+10-1.0e+11 Hz, Iterations =   21 
         80K IR Filter 1 ( 8/10): Band = 1.0e+10-1.0e+11 Hz, Iterations =   23 
           Lyot Stop Gap ( 1/ 1): Band = 1.0e+10-1.0e+11 Hz, Iterations =   14 
          1K LP Filter 2 ( 6/10): Band = 1.0e+10-1.0e+11 Hz, Iterations =   19 
           Lyot Stop Top ( 1/ 1): Band = 1.0e+10-1.0e+11 Hz, Iterations =   22 
         40K LP Filter 1 ( 2/10): Band = 1.0e+10-1.0e+11 Hz, Iterations =   20 
         80K Al Filter 1 ( 4/10): Band = 1.0e+10-1.0e+11 Hz, Iterations =   23 
         80K Al Filter 1 ( 1/10): Band = 1.0e+10-1.0e+11 Hz, Iterations =   21 
         80K IR Filter 2 ( 6/10): Band = 1.0e+10-1.0e+11 Hz, Iterations =   28 
          1K LP Filter 1 ( 2/10): Band = 1.0e+10-1.0e+11 Hz, Iterations =   20 
       100mK LP Filter 1 ( 8/10): Band = 1.0e+10-1.0e+11 Hz, Iterations =   20 
         80K IR Filter 2 ( 1/10): Band = 1.0e+10-1.0e+11 Hz, Iterations =   22 
         80K IR Filter 2 ( 4/10): Band = 1.0e+10-1.0e+11 Hz, Iterations =   21 
          1K LP Filter 2 ( 3/10): Band = 1.0e+10-1.0e+11 Hz, Iterations =   19 
      1K LP Filter Gap 1 ( 1/ 1): Band = 1.0e+10-1.0e+11 Hz, Iterations =   13 
         80K IR Filter 1 ( 7/10): Band = 1.0e+10-1.0e+11 Hz, Iterations =   24 
         40K LP Filter 1 ( 7/10): Band = 1.0e+10-1.0e+11 Hz, Iterations =   21 
          1K LP Filter 2 ( 5/10): Band = 1.0e+10-1.0e+11 Hz, Iterations =   19 
       100mK LP Filter 1 ( 5/10): Band = 1.0e+10-1.0e+11 Hz, Iterations =   20 
         80K IR Filter 1 ( 5/10): Band = 1.0e+10-1.0e+11 Hz, Iterations =   21 
       100mK LP Filter 1 ( 2/10): Band = 1.0e+10-1.0e+11 Hz, Iterations =   20 
         80K IR Filter 2 ( 3/10): Band = 1.0e+10-1.0e+11 Hz, Iterations =   23 
          4K LP Filter 1 ( 6/10): Band = 1.0e+10-1.0e+11 Hz, Iterations =   20 
       100mK LP Filter 1 ( 7/10): Band = 1.0e+10-1.0e+11 Hz, Iterations =   20 
         40K LP Filter 1 ( 8/10): Band = 1.0e+10-1.0e+11 Hz, Iterations =   24 
          1K LP Filter 1 ( 5/10): Band = 1.0e+10-1.0e+11 Hz, Iterations =   20 
         40K LP Filter 1 ( 5/10): Band = 1.0e+10-1.0e+11 Hz, Iterations =   20 
    4K LP Filter Clamp 1 ( 1/ 1): Band = 1.0e+10-1.0e+11 Hz, Iterations =   22 
          1K LP Filter 2 ( 8/10): Band = 1.0e+10-1.0e+11 Hz, Iterations =   15 
          1K LP Filter 1 (10/10): Band = 1.0e+10-1.0e+11 Hz, Iterations =   14 
         80K Al Filter 1 ( 2/10): Band = 1.0e+10-1.0e+11 Hz, Iterations =   23 
          4K Baffle Tube ( 1/ 1): Band = 1.0e+10-1.0e+11 Hz, Iterations =   20 
       100mK LP Filter 1 (10/10): Band = 1.0e+10-1.0e+11 Hz, Iterations =   15 
         80K Al Filter 1 (10/10): Band = 1.0e+10-1.0e+11 Hz, Iterations =   27 
      1K LP Filter Gap 2 ( 1/ 1): Band = 1.0e+10-1.0e+11 Hz, Iterations =   13 
         80K Al Filter 1 ( 7/10): Band = 1.0e+10-1.0e+11 Hz, Iterations =   21 
          4K LP Filter 1 ( 9/10): Band = 1.0e+10-1.0e+11 Hz, Iterations =   20 
     80K IR Filter Gap 2 ( 1/ 1): Band = 1.0e+10-1.0e+11 Hz, Iterations =  108 
         80K Al Filter 1 ( 8/10): Band = 1.0e+10-1.0e+11 Hz, Iterations =   22 
    1K LP Filter Clamp 1 ( 1/ 1): Band = 1.0e+10-1.0e+11 Hz, Iterations =   14 
         80K IR Filter 2 ( 9/10): Band = 1.0e+10-1.0e+11 Hz, Iterations =   25 
         80K Al Filter 1 ( 5/10): Band = 1.0e+10-1.0e+11 Hz, Iterations =   21 
                1K Plate ( 1/ 1): Band = 1.0e+10-1.0e+11 Hz, Iterations =   20 
          1K LP Filter 1 ( 8/10): Band = 1.0e+10-1.0e+11 Hz, Iterations =   20 
   80K IR Filter Clamp 2 ( 1/ 1): Band = 1.0e+10-1.0e+11 Hz, Iterations =   98 
          4K LP Filter 1 ( 2/10): Band = 1.0e+10-1.0e+11 Hz, Iterations =   19 
         40K LP Filter 1 ( 6/10): Band = 1.0e+10-1.0e+11 Hz, Iterations =   31 
    1K LP Filter Clamp 2 ( 1/ 1): Band = 1.0e+10-1.0e+11 Hz, Iterations =   14 
   40K LP Filter Clamp 1 ( 1/ 1): Band = 1.0e+10-1.0e+11 Hz, Iterations =   21 
         40K LP Filter 1 ( 4/10): Band = 1.0e+10-1.0e+11 Hz, Iterations =   20 
     40K LP Filter Gap 1 ( 1/ 1): Band = 1.0e+10-1.0e+11 Hz, Iterations =   20 
         40K LP Filter 1 ( 9/10): Band = 1.0e+10-1.0e+11 Hz, Iterations =   22 
        Lyot Stop Middle ( 1/ 1): Band = 1.0e+10-1.0e+11 Hz, Iterations =   16 
         40K LP Filter 1 ( 1/10): Band = 1.0e+10-1.0e+11 Hz, Iterations =   25 
          1K LP Filter 1 ( 1/10): Band = 1.0e+10-1.0e+11 Hz, Iterations =   22 
          4K LP Filter 1 (10/10): Band = 1.0e+10-1.0e+11 Hz, Iterations =   21 
          1K LP Filter 2 ( 1/10): Band = 1.0e+10-1.0e+11 Hz, Iterations =   18 
         40K LP Filter 1 ( 3/10): Band = 1.0e+10-1.0e+11 Hz, Iterations =   22 
                4K Plate ( 1/ 1): Band = 1.0e+10-1.0e+11 Hz, Iterations =   21 
        Lyot Stop Bottom ( 1/ 1): Band = 1.0e+10-1.0e+11 Hz, Iterations =   19 
          1K LP Filter 1 ( 9/10): Band = 1.0e+10-1.0e+11 Hz, Iterations =   18 
       100mK LP Filter 1 ( 3/10): Band = 1.0e+10-1.0e+11 Hz, Iterations =   20 
          1K LP Filter 2 ( 4/10): Band = 1.0e+10-1.0e+11 Hz, Iterations =   21 
          4K LP Filter 1 ( 8/10): Band = 1.0e+10-1.0e+11 Hz, Iterations =   20 
   1K LP Filter Holder 2 ( 1/ 1): Band = 1.0e+10-1.0e+11 Hz, Iterations =   18 
   1K LP Filter Holder 1 ( 1/ 1): Band = 1.0e+10-1.0e+11 Hz, Iterations =   17 
       100mK LP Filter 1 ( 6/10): Band = 1.0e+10-1.0e+11 Hz, Iterations =   20 
          4K LP Filter 1 ( 5/10): Band = 1.0e+10-1.0e+11 Hz, Iterations =   21 
          1K LP Filter 2 ( 2/10): Band = 1.0e+10-1.0e+11 Hz, Iterations =   21 
          4K LP Filter 1 ( 7/10): Band = 1.0e+10-1.0e+11 Hz, Iterations =   19 
       100mK LP Filter 1 ( 1/10): Band = 1.0e+10-1.0e+11 Hz, Iterations =   17 
          1K LP Filter 1 ( 7/10): Band = 1.0e+10-1.0e+11 Hz, Iterations =   20 
       100mK LP Filter 1 ( 4/10): Band = 1.0e+10-1.0e+11 Hz, Iterations =   20 
          1K LP Filter 2 (10/10): Band = 1.0e+10-1.0e+11 Hz, Iterations =   12 
          1K LP Filter 1 ( 4/10): Band = 1.0e+10-1.0e+11 Hz, Iterations =   20 
          1K LP Filter 1 ( 6/10): Band = 1.0e+10-1.0e+11 Hz, Iterations =   18 
          1K LP Filter 2 ( 7/10): Band = 1.0e+10-1.0e+11 Hz, Iterations =   17 
            Array Module ( 1/ 1): Band = 1.0e+10-1.0e+11 Hz, Iterations =   21 
          1K LP Filter 2 ( 9/10): Band = 1.0e+10-1.0e+11 Hz, Iterations =   13 
       100mK LP Filter 1 ( 9/10): Band = 1.0e+10-1.0e+11 Hz, Iterations =   18 
 100mK LP Filter Clamp 1 ( 1/ 1): Band = 1.0e+10-1.0e+11 Hz, Iterations =   22 

        300K IR Filter 1 ( 6/10): Band = 1.0e+11-1.0e+12 Hz, Iterations =   41 
        300K IR Filter 1 ( 3/10): Band = 1.0e+11-1.0e+12 Hz, Iterations =   44 
        300K IR Filter 1 ( 9/10): Band = 1.0e+11-1.0e+12 Hz, Iterations =   39 
        300K IR Filter 1 ( 7/10): Band = 1.0e+11-1.0e+12 Hz, Iterations =   43 
             Front Plate ( 1/ 1): Band = 1.0e+11-1.0e+12 Hz, Iterations =   77 
        300K IR Filter 1 ( 4/10): Band = 1.0e+11-1.0e+12 Hz, Iterations =   37 
        300K IR Filter 1 ( 5/10): Band = 1.0e+11-1.0e+12 Hz, Iterations =   41 
    300K IR Filter Gap 1 ( 1/ 1): Band = 1.0e+11-1.0e+12 Hz, Iterations =   74 
        300K IR Filter 1 ( 8/10): Band = 1.0e+11-1.0e+12 Hz, Iterations =   36 
  300K IR Filter Clamp 1 ( 1/ 1): Band = 1.0e+11-1.0e+12 Hz, Iterations =   86 
        300K IR Filter 1 (10/10): Band = 1.0e+11-1.0e+12 Hz, Iterations =   43 
        300K IR Filter 1 ( 2/10): Band = 1.0e+11-1.0e+12 Hz, Iterations =   42 
        300K IR Filter 1 ( 1/10): Band = 1.0e+11-1.0e+12 Hz, Iterations =   39 
            Window Clamp ( 1/ 1): Band = 1.0e+11-1.0e+12 Hz, Iterations =   37 
      Incident Radiation ( 1/ 1): Band = 1.0e+11-1.0e+12 Hz, Iterations =   41 
                  Window ( 1/ 1): Band = 1.0e+11-1.0e+12 Hz, Iterations =   51 
        300K IR Filter 2 (10/10): Band = 1.0e+11-1.0e+12 Hz, Iterations =   43 
        300K IR Filter 2 ( 7/10): Band = 1.0e+11-1.0e+12 Hz, Iterations =   30 
         80K IR Filter 1 ( 1/10): Band = 1.0e+11-1.0e+12 Hz, Iterations =   39 
        300K IR Filter 2 ( 8/10): Band = 1.0e+11-1.0e+12 Hz, Iterations =   38 
        300K IR Filter 2 ( 9/10): Band = 1.0e+11-1.0e+12 Hz, Iterations =   37 
        300K IR Filter 2 ( 4/10): Band = 1.0e+11-1.0e+12 Hz, Iterations =   39 
         80K IR Filter 1 ( 4/10): Band = 1.0e+11-1.0e+12 Hz, Iterations =   41 
         80K IR Filter 1 ( 3/10): Band = 1.0e+11-1.0e+12 Hz, Iterations =   39 
        300K IR Filter 2 ( 6/10): Band = 1.0e+11-1.0e+12 Hz, Iterations =   42 
        300K IR Filter 2 ( 5/10): Band = 1.0e+11-1.0e+12 Hz, Iterations =   39 
  300K IR Filter Clamp 2 ( 1/ 1): Band = 1.0e+11-1.0e+12 Hz, Iterations =   81 
         80K IR Filter 1 ( 2/10): Band = 1.0e+11-1.0e+12 Hz, Iterations =   48 
        300K IR Filter 2 ( 3/10): Band = 1.0e+11-1.0e+12 Hz, Iterations =   43 
    300K IR Filter Gap 2 ( 1/ 1): Band = 1.0e+11-1.0e+12 Hz, Iterations =   43 
        300K IR Filter 2 ( 1/10): Band = 1.0e+11-1.0e+12 Hz, Iterations =   38 
        300K IR Filter 2 ( 2/10): Band = 1.0e+11-1.0e+12 Hz, Iterations =   37 
         80K IR Filter 2 ( 2/10): Band = 1.0e+11-1.0e+12 Hz, Iterations =   58 
         80K IR Filter 2 ( 5/10): Band = 1.0e+11-1.0e+12 Hz, Iterations =   37 
         80K IR Filter 2 ( 7/10): Band = 1.0e+11-1.0e+12 Hz, Iterations =   34 
   80K IR Filter Clamp 1 ( 1/ 1): Band = 1.0e+11-1.0e+12 Hz, Iterations =  121 
         80K IR Filter 2 ( 8/10): Band = 1.0e+11-1.0e+12 Hz, Iterations =   44 
         80K IR Filter 1 ( 8/10): Band = 1.0e+11-1.0e+12 Hz, Iterations =   41 
         80K IR Filter 2 ( 1/10): Band = 1.0e+11-1.0e+12 Hz, Iterations =   34 
         80K IR Filter 1 (10/10): Band = 1.0e+11-1.0e+12 Hz, Iterations =   39 
         80K IR Filter 1 ( 9/10): Band = 1.0e+11-1.0e+12 Hz, Iterations =   30 
     80K IR Filter Gap 1 ( 1/ 1): Band = 1.0e+11-1.0e+12 Hz, Iterations =  127 
         80K IR Filter 2 ( 6/10): Band = 1.0e+11-1.0e+12 Hz, Iterations =   38 
         80K IR Filter 1 ( 7/10): Band = 1.0e+11-1.0e+12 Hz, Iterations =   32 
         80K IR Filter 2 ( 3/10): Band = 1.0e+11-1.0e+12 Hz, Iterations =   38 
         80K IR Filter 2 ( 4/10): Band = 1.0e+11-1.0e+12 Hz, Iterations =   38 
         80K IR Filter 1 ( 5/10): Band = 1.0e+11-1.0e+12 Hz, Iterations =   40 
         80K IR Filter 1 ( 6/10): Band = 1.0e+11-1.0e+12 Hz, Iterations =   39 
         80K Al Filter 1 ( 6/10): Band = 1.0e+11-1.0e+12 Hz, Iterations =   35 
   80K Al Filter Clamp 1 ( 1/ 1): Band = 1.0e+11-1.0e+12 Hz, Iterations =   46 
         80K Al Filter 1 ( 9/10): Band = 1.0e+11-1.0e+12 Hz, Iterations =   34 
     80K Al Filter Gap 1 ( 1/ 1): Band = 1.0e+11-1.0e+12 Hz, Iterations =   31 
         80K Al Filter 1 ( 3/10): Band = 1.0e+11-1.0e+12 Hz, Iterations =   37 
     80K IR Filter Gap 2 ( 1/ 1): Band = 1.0e+11-1.0e+12 Hz, Iterations =  137 
         80K IR Filter 2 ( 9/10): Band = 1.0e+11-1.0e+12 Hz, Iterations =   35 
         80K Al Filter 1 (10/10): Band = 1.0e+11-1.0e+12 Hz, Iterations =   38 
         40K LP Filter 1 (10/10): Band = 1.0e+11-1.0e+12 Hz, Iterations =   48 
         80K IR Filter 2 (10/10): Band = 1.0e+11-1.0e+12 Hz, Iterations =   36 
         80K Al Filter 1 ( 5/10): Band = 1.0e+11-1.0e+12 Hz, Iterations =   34 
         80K Al Filter 1 ( 4/10): Band = 1.0e+11-1.0e+12 Hz, Iterations =   37 
         80K Al Filter 1 ( 1/10): Band = 1.0e+11-1.0e+12 Hz, Iterations =   38 
   80K IR Filter Clamp 2 ( 1/ 1): Band = 1.0e+11-1.0e+12 Hz, Iterations =  110 
         80K Al Filter 1 ( 7/10): Band = 1.0e+11-1.0e+12 Hz, Iterations =   37 
         80K Al Filter 1 ( 8/10): Band = 1.0e+11-1.0e+12 Hz, Iterations =   33 
         80K Al Filter 1 ( 2/10): Band = 1.0e+11-1.0e+12 Hz, Iterations =   41 
          4K LP Filter 1 ( 3/10): Band = 1.0e+11-1.0e+12 Hz, Iterations =   55 
           Lyot Stop Top ( 1/ 1): Band = 1.0e+11-1.0e+12 Hz, Iterations =   38 
          4K LP Filter 1 ( 1/10): Band = 1.0e+11-1.0e+12 Hz, Iterations =   73 
          4K LP Filter 1 ( 4/10): Band = 1.0e+11-1.0e+12 Hz, Iterations =   46 
      1K LP Filter Gap 1 ( 1/ 1): Band = 1.0e+11-1.0e+12 Hz, Iterations =   11 
           Lyot Stop Gap ( 1/ 1): Band = 1.0e+11-1.0e+12 Hz, Iterations =   29 
          4K LP Filter 1 ( 2/10): Band = 1.0e+11-1.0e+12 Hz, Iterations =   80 
          1K LP Filter 1 ( 2/10): Band = 1.0e+11-1.0e+12 Hz, Iterations =   59 
         40K LP Filter 1 ( 7/10): Band = 1.0e+11-1.0e+12 Hz, Iterations =   36 
       100mK LP Filter 1 ( 2/10): Band = 1.0e+11-1.0e+12 Hz, Iterations =   46 
         40K LP Filter 1 ( 1/10): Band = 1.0e+11-1.0e+12 Hz, Iterations =   41 
         40K LP Filter 1 ( 9/10): Band = 1.0e+11-1.0e+12 Hz, Iterations =   34 
          1K LP Filter 1 ( 3/10): Band = 1.0e+11-1.0e+12 Hz, Iterations =   66 
         40K LP Filter 1 ( 4/10): Band = 1.0e+11-1.0e+12 Hz, Iterations =   43 
         40K LP Filter 1 ( 8/10): Band = 1.0e+11-1.0e+12 Hz, Iterations =   44 
         40K LP Filter 1 ( 2/10): Band = 1.0e+11-1.0e+12 Hz, Iterations =   36 
         40K LP Filter 1 ( 5/10): Band = 1.0e+11-1.0e+12 Hz, Iterations =   42 
   40K LP Filter Clamp 1 ( 1/ 1): Band = 1.0e+11-1.0e+12 Hz, Iterations =   35 
         40K LP Filter 1 ( 6/10): Band = 1.0e+11-1.0e+12 Hz, Iterations =   43 
                4K Plate ( 1/ 1): Band = 1.0e+11-1.0e+12 Hz, Iterations =   31 
          1K LP Filter 2 ( 3/10): Band = 1.0e+11-1.0e+12 Hz, Iterations =   62 
     40K LP Filter Gap 1 ( 1/ 1): Band = 1.0e+11-1.0e+12 Hz, Iterations =   37 
         40K LP Filter 1 ( 3/10): Band = 1.0e+11-1.0e+12 Hz, Iterations =   58 
          4K Baffle Tube ( 1/ 1): Band = 1.0e+11-1.0e+12 Hz, Iterations =   28 
          1K LP Filter 1 ( 1/10): Band = 1.0e+11-1.0e+12 Hz, Iterations =   51 
          1K LP Filter 2 ( 6/10): Band = 1.0e+11-1.0e+12 Hz, Iterations =   71 
          1K LP Filter 2 ( 5/10): Band = 1.0e+11-1.0e+12 Hz, Iterations =  177 
       100mK LP Filter 1 ( 5/10): Band = 1.0e+11-1.0e+12 Hz, Iterations =   61 
        Lyot Stop Middle ( 1/ 1): Band = 1.0e+11-1.0e+12 Hz, Iterations =   38 
    4K LP Filter Clamp 1 ( 1/ 1): Band = 1.0e+11-1.0e+12 Hz, Iterations =   41 
          4K LP Filter 1 ( 5/10): Band = 1.0e+11-1.0e+12 Hz, Iterations =   46 
          4K LP Filter 1 ( 8/10): Band = 1.0e+11-1.0e+12 Hz, Iterations =   36 
        Lyot Stop Bottom ( 1/ 1): Band = 1.0e+11-1.0e+12 Hz, Iterations =   36 
       100mK LP Filter 1 ( 8/10): Band = 1.0e+11-1.0e+12 Hz, Iterations =   50 
   1K LP Filter Holder 1 ( 1/ 1): Band = 1.0e+11-1.0e+12 Hz, Iterations =   44 
       100mK LP Filter 1 ( 7/10): Band = 1.0e+11-1.0e+12 Hz, Iterations =   31 
          4K LP Filter 1 (10/10): Band = 1.0e+11-1.0e+12 Hz, Iterations =   45 
          4K LP Filter 1 ( 6/10): Band = 1.0e+11-1.0e+12 Hz, Iterations =   38 
          4K LP Filter 1 ( 9/10): Band = 1.0e+11-1.0e+12 Hz, Iterations =   36 
          1K LP Filter 2 ( 4/10): Band = 1.0e+11-1.0e+12 Hz, Iterations =   52 
    1K LP Filter Clamp 1 ( 1/ 1): Band = 1.0e+11-1.0e+12 Hz, Iterations =   48 
          4K LP Filter 1 ( 7/10): Band = 1.0e+11-1.0e+12 Hz, Iterations =   39 
          1K LP Filter 1 (10/10): Band = 1.0e+11-1.0e+12 Hz, Iterations =   47 
       100mK LP Filter 1 ( 1/10): Band = 1.0e+11-1.0e+12 Hz, Iterations =   31 
          1K LP Filter 2 ( 1/10): Band = 1.0e+11-1.0e+12 Hz, Iterations =   59 
                1K Plate ( 1/ 1): Band = 1.0e+11-1.0e+12 Hz, Iterations =   28 
       100mK LP Filter 1 ( 6/10): Band = 1.0e+11-1.0e+12 Hz, Iterations =   44 
          1K LP Filter 1 ( 9/10): Band = 1.0e+11-1.0e+12 Hz, Iterations =   54 
          1K LP Filter 1 ( 4/10): Band = 1.0e+11-1.0e+12 Hz, Iterations =   80 
          1K LP Filter 1 ( 7/10): Band = 1.0e+11-1.0e+12 Hz, Iterations =   55 
      1K LP Filter Gap 2 ( 1/ 1): Band = 1.0e+11-1.0e+12 Hz, Iterations =   16 
          1K LP Filter 2 ( 2/10): Band = 1.0e+11-1.0e+12 Hz, Iterations =   56 
          1K LP Filter 1 ( 8/10): Band = 1.0e+11-1.0e+12 Hz, Iterations =   66 
       100mK LP Filter 1 ( 3/10): Band = 1.0e+11-1.0e+12 Hz, Iterations =   34 
          1K LP Filter 1 ( 5/10): Band = 1.0e+11-1.0e+12 Hz, Iterations =   64 
   1K LP Filter Holder 2 ( 1/ 1): Band = 1.0e+11-1.0e+12 Hz, Iterations =   16 
          1K LP Filter 2 (10/10): Band = 1.0e+11-1.0e+12 Hz, Iterations =   21 
       100mK LP Filter 1 ( 4/10): Band = 1.0e+11-1.0e+12 Hz, Iterations =   55 
          1K LP Filter 1 ( 6/10): Band = 1.0e+11-1.0e+12 Hz, Iterations =  104 
          1K LP Filter 2 ( 7/10): Band = 1.0e+11-1.0e+12 Hz, Iterations =   61 
    1K LP Filter Clamp 2 ( 1/ 1): Band = 1.0e+11-1.0e+12 Hz, Iterations =   23 
          1K LP Filter 2 ( 8/10): Band = 1.0e+11-1.0e+12 Hz, Iterations =   35 
            Array Module ( 1/ 1): Band = 1.0e+11-1.0e+12 Hz, Iterations =   51 
          1K LP Filter 2 ( 9/10): Band = 1.0e+11-1.0e+12 Hz, Iterations =   29 
       100mK LP Filter 1 ( 9/10): Band = 1.0e+11-1.0e+12 Hz, Iterations =   40 
       100mK LP Filter 1 (10/10): Band = 1.0e+11-1.0e+12 Hz, Iterations =   43 
 100mK LP Filter Clamp 1 ( 1/ 1): Band = 1.0e+11-1.0e+12 Hz, Iterations =   24 

        300K IR Filter 1 ( 6/10): Band = 1.0e+12-1.0e+13 Hz, Iterations =   66 
             Front Plate ( 1/ 1): Band = 1.0e+12-1.0e+13 Hz, Iterations =   67 
        300K IR Filter 1 ( 3/10): Band = 1.0e+12-1.0e+13 Hz, Iterations =   59 
                  Window ( 1/ 1): Band = 1.0e+12-1.0e+13 Hz, Iterations =   57 
        300K IR Filter 1 (10/10): Band = 1.0e+12-1.0e+13 Hz, Iterations =   67 
        300K IR Filter 1 ( 2/10): Band = 1.0e+12-1.0e+13 Hz, Iterations =   72 
        300K IR Filter 1 ( 7/10): Band = 1.0e+12-1.0e+13 Hz, Iterations =   65 
        300K IR Filter 1 ( 9/10): Band = 1.0e+12-1.0e+13 Hz, Iterations =   66 
        300K IR Filter 1 ( 4/10): Band = 1.0e+12-1.0e+13 Hz, Iterations =   74 
            Window Clamp ( 1/ 1): Band = 1.0e+12-1.0e+13 Hz, Iterations =   65 
      Incident Radiation ( 1/ 1): Band = 1.0e+12-1.0e+13 Hz, Iterations =   55 
    300K IR Filter Gap 1 ( 1/ 1): Band = 1.0e+12-1.0e+13 Hz, Iterations =   96 
        300K IR Filter 1 ( 8/10): Band = 1.0e+12-1.0e+13 Hz, Iterations =   57 
  300K IR Filter Clamp 1 ( 1/ 1): Band = 1.0e+12-1.0e+13 Hz, Iterations =   78 
        300K IR Filter 1 ( 5/10): Band = 1.0e+12-1.0e+13 Hz, Iterations =   61 
        300K IR Filter 1 ( 1/10): Band = 1.0e+12-1.0e+13 Hz, Iterations =   63 
        300K IR Filter 2 (10/10): Band = 1.0e+12-1.0e+13 Hz, Iterations =   57 
        300K IR Filter 2 ( 4/10): Band = 1.0e+12-1.0e+13 Hz, Iterations =   70 
        300K IR Filter 2 ( 7/10): Band = 1.0e+12-1.0e+13 Hz, Iterations =   60 
        300K IR Filter 2 ( 6/10): Band = 1.0e+12-1.0e+13 Hz, Iterations =   59 
        300K IR Filter 2 ( 2/10): Band = 1.0e+12-1.0e+13 Hz, Iterations =   72 
         80K IR Filter 1 ( 2/10): Band = 1.0e+12-1.0e+13 Hz, Iterations =   61 
        300K IR Filter 2 ( 9/10): Band = 1.0e+12-1.0e+13 Hz, Iterations =   52 
        300K IR Filter 2 ( 8/10): Band = 1.0e+12-1.0e+13 Hz, Iterations =   61 
         80K IR Filter 1 ( 3/10): Band = 1.0e+12-1.0e+13 Hz, Iterations =   62 
         80K IR Filter 1 ( 1/10): Band = 1.0e+12-1.0e+13 Hz, Iterations =   61 
        300K IR Filter 2 ( 3/10): Band = 1.0e+12-1.0e+13 Hz, Iterations =   79 
  300K IR Filter Clamp 2 ( 1/ 1): Band = 1.0e+12-1.0e+13 Hz, Iterations =   69 
         80K IR Filter 1 ( 4/10): Band = 1.0e+12-1.0e+13 Hz, Iterations =   61 
        300K IR Filter 2 ( 1/10): Band = 1.0e+12-1.0e+13 Hz, Iterations =   77 
    300K IR Filter Gap 2 ( 1/ 1): Band = 1.0e+12-1.0e+13 Hz, Iterations =   69 
         80K IR Filter 2 ( 2/10): Band = 1.0e+12-1.0e+13 Hz, Iterations =   67 
        300K IR Filter 2 ( 5/10): Band = 1.0e+12-1.0e+13 Hz, Iterations =   58 
         80K Al Filter 1 ( 6/10): Band = 1.0e+12-1.0e+13 Hz, Iterations =   61 
         80K IR Filter 2 ( 1/10): Band = 1.0e+12-1.0e+13 Hz, Iterations =   59 
         80K IR Filter 2 ( 6/10): Band = 1.0e+12-1.0e+13 Hz, Iterations =   73 
         80K IR Filter 1 ( 8/10): Band = 1.0e+12-1.0e+13 Hz, Iterations =   72 
         80K IR Filter 2 ( 7/10): Band = 1.0e+12-1.0e+13 Hz, Iterations =   62 
         80K IR Filter 2 ( 5/10): Band = 1.0e+12-1.0e+13 Hz, Iterations =   61 
         80K IR Filter 2 ( 8/10): Band = 1.0e+12-1.0e+13 Hz, Iterations =   56 
         80K IR Filter 2 ( 3/10): Band = 1.0e+12-1.0e+13 Hz, Iterations =   60 
         80K IR Filter 2 ( 4/10): Band = 1.0e+12-1.0e+13 Hz, Iterations =   64 
         40K LP Filter 1 (10/10): Band = 1.0e+12-1.0e+13 Hz, Iterations =   24 
         80K IR Filter 1 (10/10): Band = 1.0e+12-1.0e+13 Hz, Iterations =   77 
   80K Al Filter Clamp 1 ( 1/ 1): Band = 1.0e+12-1.0e+13 Hz, Iterations =   14 
         80K IR Filter 1 ( 6/10): Band = 1.0e+12-1.0e+13 Hz, Iterations =   69 
     80K Al Filter Gap 1 ( 1/ 1): Band = 1.0e+12-1.0e+13 Hz, Iterations =   30 
           Lyot Stop Top ( 1/ 1): Band = 1.0e+12-1.0e+13 Hz, Iterations =   12 
   80K IR Filter Clamp 1 ( 1/ 1): Band = 1.0e+12-1.0e+13 Hz, Iterations =  181 
          4K LP Filter 1 ( 3/10): Band = 1.0e+12-1.0e+13 Hz, Iterations =   24 
         80K Al Filter 1 (10/10): Band = 1.0e+12-1.0e+13 Hz, Iterations =   52 
         80K Al Filter 1 ( 5/10): Band = 1.0e+12-1.0e+13 Hz, Iterations =   50 
      1K LP Filter Gap 1 ( 1/ 1): Band = 1.0e+12-1.0e+13 Hz, Iterations =   11 
     80K IR Filter Gap 2 ( 1/ 1): Band = 1.0e+12-1.0e+13 Hz, Iterations =  110 
         80K Al Filter 1 ( 9/10): Band = 1.0e+12-1.0e+13 Hz, Iterations =   50 
     80K IR Filter Gap 1 ( 1/ 1): Band = 1.0e+12-1.0e+13 Hz, Iterations =  111 
          4K LP Filter 1 ( 4/10): Band = 1.0e+12-1.0e+13 Hz, Iterations =   24 
         80K IR Filter 1 ( 7/10): Band = 1.0e+12-1.0e+13 Hz, Iterations =   62 
         80K Al Filter 1 ( 7/10): Band = 1.0e+12-1.0e+13 Hz, Iterations =   67 
         80K Al Filter 1 ( 8/10): Band = 1.0e+12-1.0e+13 Hz, Iterations =   53 
       100mK LP Filter 1 ( 2/10): Band = 1.0e+12-1.0e+13 Hz, Iterations =   12 
         80K IR Filter 1 ( 5/10): Band = 1.0e+12-1.0e+13 Hz, Iterations =   65 
          1K LP Filter 1 ( 2/10): Band = 1.0e+12-1.0e+13 Hz, Iterations =   13 
         80K IR Filter 1 ( 9/10): Band = 1.0e+12-1.0e+13 Hz, Iterations =   57 
         80K Al Filter 1 ( 2/10): Band = 1.0e+12-1.0e+13 Hz, Iterations =   73 
          4K LP Filter 1 ( 2/10): Band = 1.0e+12-1.0e+13 Hz, Iterations =   23 
         40K LP Filter 1 ( 9/10): Band = 1.0e+12-1.0e+13 Hz, Iterations =   41 
         40K LP Filter 1 ( 4/10): Band = 1.0e+12-1.0e+13 Hz, Iterations =   30 
          1K LP Filter 1 ( 3/10): Band = 1.0e+12-1.0e+13 Hz, Iterations =   14 
         80K Al Filter 1 ( 3/10): Band = 1.0e+12-1.0e+13 Hz, Iterations =   46 
          4K LP Filter 1 ( 1/10): Band = 1.0e+12-1.0e+13 Hz, Iterations =   22 
          1K LP Filter 2 ( 5/10): Band = 1.0e+12-1.0e+13 Hz, Iterations =   15 
                4K Plate ( 1/ 1): Band = 1.0e+12-1.0e+13 Hz, Iterations =    8 
   40K LP Filter Clamp 1 ( 1/ 1): Band = 1.0e+12-1.0e+13 Hz, Iterations =   27 
         80K IR Filter 2 (10/10): Band = 1.0e+12-1.0e+13 Hz, Iterations =   63 
     40K LP Filter Gap 1 ( 1/ 1): Band = 1.0e+12-1.0e+13 Hz, Iterations =   20 
           Lyot Stop Gap ( 1/ 1): Band = 1.0e+12-1.0e+13 Hz, Iterations =    4 
          1K LP Filter 1 ( 1/10): Band = 1.0e+12-1.0e+13 Hz, Iterations =   16 
         40K LP Filter 1 ( 6/10): Band = 1.0e+12-1.0e+13 Hz, Iterations =   25 
          1K LP Filter 2 ( 6/10): Band = 1.0e+12-1.0e+13 Hz, Iterations =   15 
       100mK LP Filter 1 ( 7/10): Band = 1.0e+12-1.0e+13 Hz, Iterations =   11 
          4K LP Filter 1 ( 8/10): Band = 1.0e+12-1.0e+13 Hz, Iterations =   24 
        Lyot Stop Middle ( 1/ 1): Band = 1.0e+12-1.0e+13 Hz, Iterations =    8 
         80K Al Filter 1 ( 4/10): Band = 1.0e+12-1.0e+13 Hz, Iterations =   60 
   1K LP Filter Holder 1 ( 1/ 1): Band = 1.0e+12-1.0e+13 Hz, Iterations =   12 
         40K LP Filter 1 ( 7/10): Band = 1.0e+12-1.0e+13 Hz, Iterations =   35 
        Lyot Stop Bottom ( 1/ 1): Band = 1.0e+12-1.0e+13 Hz, Iterations =    8 
       100mK LP Filter 1 ( 8/10): Band = 1.0e+12-1.0e+13 Hz, Iterations =    8 
          1K LP Filter 2 ( 3/10): Band = 1.0e+12-1.0e+13 Hz, Iterations =   15 
         40K LP Filter 1 ( 2/10): Band = 1.0e+12-1.0e+13 Hz, Iterations =   30 
          1K LP Filter 2 ( 4/10): Band = 1.0e+12-1.0e+13 Hz, Iterations =   13 
          4K LP Filter 1 (10/10): Band = 1.0e+12-1.0e+13 Hz, Iterations =   26 
         80K Al Filter 1 ( 1/10): Band = 1.0e+12-1.0e+13 Hz, Iterations =   55 
       100mK LP Filter 1 ( 1/10): Band = 1.0e+12-1.0e+13 Hz, Iterations =   10 
          1K LP Filter 1 ( 7/10): Band = 1.0e+12-1.0e+13 Hz, Iterations =   13 
          1K LP Filter 2 ( 1/10): Band = 1.0e+12-1.0e+13 Hz, Iterations =   14 
         80K IR Filter 2 ( 9/10): Band = 1.0e+12-1.0e+13 Hz, Iterations =   64 
         40K LP Filter 1 ( 8/10): Band = 1.0e+12-1.0e+13 Hz, Iterations =   37 
       100mK LP Filter 1 ( 6/10): Band = 1.0e+12-1.0e+13 Hz, Iterations =    9 
       100mK LP Filter 1 ( 5/10): Band = 1.0e+12-1.0e+13 Hz, Iterations =    9 
          1K LP Filter 2 ( 2/10): Band = 1.0e+12-1.0e+13 Hz, Iterations =   17 
    4K LP Filter Clamp 1 ( 1/ 1): Band = 1.0e+12-1.0e+13 Hz, Iterations =   22 
          1K LP Filter 1 ( 9/10): Band = 1.0e+12-1.0e+13 Hz, Iterations =   15 
          1K LP Filter 2 (10/10): Band = 1.0e+12-1.0e+13 Hz, Iterations =    6 
       100mK LP Filter 1 ( 3/10): Band = 1.0e+12-1.0e+13 Hz, Iterations =   10 
          4K LP Filter 1 ( 6/10): Band = 1.0e+12-1.0e+13 Hz, Iterations =   30 
          4K Baffle Tube ( 1/ 1): Band = 1.0e+12-1.0e+13 Hz, Iterations =    6 
       100mK LP Filter 1 ( 4/10): Band = 1.0e+12-1.0e+13 Hz, Iterations =    9 
         40K LP Filter 1 ( 5/10): Band = 1.0e+12-1.0e+13 Hz, Iterations =   34 
   1K LP Filter Holder 2 ( 1/ 1): Band = 1.0e+12-1.0e+13 Hz, Iterations =    6 
         40K LP Filter 1 ( 1/10): Band = 1.0e+12-1.0e+13 Hz, Iterations =   25 
          1K LP Filter 1 (10/10): Band = 1.0e+12-1.0e+13 Hz, Iterations =   15 
            Array Module ( 1/ 1): Band = 1.0e+12-1.0e+13 Hz, Iterations =    2 
          1K LP Filter 1 ( 5/10): Band = 1.0e+12-1.0e+13 Hz, Iterations =   14 
   80K IR Filter Clamp 2 ( 1/ 1): Band = 1.0e+12-1.0e+13 Hz, Iterations =  249 
      1K LP Filter Gap 2 ( 1/ 1): Band = 1.0e+12-1.0e+13 Hz, Iterations =    5 
    1K LP Filter Clamp 1 ( 1/ 1): Band = 1.0e+12-1.0e+13 Hz, Iterations =   18 
          4K LP Filter 1 ( 9/10): Band = 1.0e+12-1.0e+13 Hz, Iterations =   23 
          4K LP Filter 1 ( 5/10): Band = 1.0e+12-1.0e+13 Hz, Iterations =   24 
          1K LP Filter 2 ( 8/10): Band = 1.0e+12-1.0e+13 Hz, Iterations =   15 
                1K Plate ( 1/ 1): Band = 1.0e+12-1.0e+13 Hz, Iterations =    9 
          1K LP Filter 1 ( 8/10): Band = 1.0e+12-1.0e+13 Hz, Iterations =   16 
         40K LP Filter 1 ( 3/10): Band = 1.0e+12-1.0e+13 Hz, Iterations =   26 
       100mK LP Filter 1 (10/10): Band = 1.0e+12-1.0e+13 Hz, Iterations =    7 
          1K LP Filter 1 ( 4/10): Band = 1.0e+12-1.0e+13 Hz, Iterations =   16 
    1K LP Filter Clamp 2 ( 1/ 1): Band = 1.0e+12-1.0e+13 Hz, Iterations =    7 
          4K LP Filter 1 ( 7/10): Band = 1.0e+12-1.0e+13 Hz, Iterations =   21 
          1K LP Filter 2 ( 7/10): Band = 1.0e+12-1.0e+13 Hz, Iterations =   14 
       100mK LP Filter 1 ( 9/10): Band = 1.0e+12-1.0e+13 Hz, Iterations =   14 
          1K LP Filter 1 ( 6/10): Band = 1.0e+12-1.0e+13 Hz, Iterations =   17 
          1K LP Filter 2 ( 9/10): Band = 1.0e+12-1.0e+13 Hz, Iterations =   10 
 100mK LP Filter Clamp 1 ( 1/ 1): Band = 1.0e+12-1.0e+13 Hz, Iterations =    8 

                  Window ( 1/ 1): Band = 1.0e+13-1.0e+14 Hz, Iterations =  127 
             Front Plate ( 1/ 1): Band = 1.0e+13-1.0e+14 Hz, Iterations =  104 
      Incident Radiation ( 1/ 1): Band = 1.0e+13-1.0e+14 Hz, Iterations =  127 
            Window Clamp ( 1/ 1): Band = 1.0e+13-1.0e+14 Hz, Iterations =  107 
        300K IR Filter 1 ( 7/10): Band = 1.0e+13-1.0e+14 Hz, Iterations =  164 
        300K IR Filter 1 (10/10): Band = 1.0e+13-1.0e+14 Hz, Iterations =  116 
        300K IR Filter 1 ( 6/10): Band = 1.0e+13-1.0e+14 Hz, Iterations =  128 
        300K IR Filter 1 ( 9/10): Band = 1.0e+13-1.0e+14 Hz, Iterations =  133 
        300K IR Filter 1 ( 8/10): Band = 1.0e+13-1.0e+14 Hz, Iterations =  123 
  300K IR Filter Clamp 1 ( 1/ 1): Band = 1.0e+13-1.0e+14 Hz, Iterations =  120 
        300K IR Filter 1 ( 4/10): Band = 1.0e+13-1.0e+14 Hz, Iterations =  105 
        300K IR Filter 1 ( 3/10): Band = 1.0e+13-1.0e+14 Hz, Iterations =   99 
        300K IR Filter 1 ( 2/10): Band = 1.0e+13-1.0e+14 Hz, Iterations =  129 
        300K IR Filter 1 ( 5/10): Band = 1.0e+13-1.0e+14 Hz, Iterations =  129 
        300K IR Filter 1 ( 1/10): Band = 1.0e+13-1.0e+14 Hz, Iterations =  130 
    300K IR Filter Gap 1 ( 1/ 1): Band = 1.0e+13-1.0e+14 Hz, Iterations =  113 
        300K IR Filter 2 ( 2/10): Band = 1.0e+13-1.0e+14 Hz, Iterations =  119 
        300K IR Filter 2 ( 4/10): Band = 1.0e+13-1.0e+14 Hz, Iterations =  157 
        300K IR Filter 2 (10/10): Band = 1.0e+13-1.0e+14 Hz, Iterations =  119 
        300K IR Filter 2 ( 1/10): Band = 1.0e+13-1.0e+14 Hz, Iterations =  119 
        300K IR Filter 2 ( 3/10): Band = 1.0e+13-1.0e+14 Hz, Iterations =  150 
         80K IR Filter 1 ( 1/10): Band = 1.0e+13-1.0e+14 Hz, Iterations =  136 
         80K IR Filter 1 ( 3/10): Band = 1.0e+13-1.0e+14 Hz, Iterations =  118 
        300K IR Filter 2 ( 8/10): Band = 1.0e+13-1.0e+14 Hz, Iterations =  129 
        300K IR Filter 2 ( 7/10): Band = 1.0e+13-1.0e+14 Hz, Iterations =  133 
        300K IR Filter 2 ( 9/10): Band = 1.0e+13-1.0e+14 Hz, Iterations =  109 
        300K IR Filter 2 ( 6/10): Band = 1.0e+13-1.0e+14 Hz, Iterations =  154 
        300K IR Filter 2 ( 5/10): Band = 1.0e+13-1.0e+14 Hz, Iterations =  119 
    300K IR Filter Gap 2 ( 1/ 1): Band = 1.0e+13-1.0e+14 Hz, Iterations =  123 
         80K IR Filter 1 ( 2/10): Band = 1.0e+13-1.0e+14 Hz, Iterations =  132 
         80K IR Filter 1 ( 4/10): Band = 1.0e+13-1.0e+14 Hz, Iterations =  138 
         80K IR Filter 2 ( 2/10): Band = 1.0e+13-1.0e+14 Hz, Iterations =  117 
  300K IR Filter Clamp 2 ( 1/ 1): Band = 1.0e+13-1.0e+14 Hz, Iterations =  999 
         80K IR Filter 2 ( 7/10): Band = 1.0e+13-1.0e+14 Hz, Iterations =  122 
         80K IR Filter 2 ( 5/10): Band = 1.0e+13-1.0e+14 Hz, Iterations =  123 
         80K Al Filter 1 ( 6/10): Band = 1.0e+13-1.0e+14 Hz, Iterations =   90 
   80K Al Filter Clamp 1 ( 1/ 1): Band = 1.0e+13-1.0e+14 Hz, Iterations =    0 
         40K LP Filter 1 (10/10): Band = 1.0e+13-1.0e+14 Hz, Iterations =    5 
         80K IR Filter 2 ( 1/10): Band = 1.0e+13-1.0e+14 Hz, Iterations =  120 
          4K LP Filter 1 ( 3/10): Band = 1.0e+13-1.0e+14 Hz, Iterations =    6 
         80K IR Filter 1 ( 6/10): Band = 1.0e+13-1.0e+14 Hz, Iterations =  117 
           Lyot Stop Top ( 1/ 1): Band = 1.0e+13-1.0e+14 Hz, Iterations =    3 
         80K IR Filter 2 ( 6/10): Band = 1.0e+13-1.0e+14 Hz, Iterations =  126 
          1K LP Filter 1 ( 2/10): Band = 1.0e+13-1.0e+14 Hz, Iterations =    4 
         80K IR Filter 2 ( 8/10): Band = 1.0e+13-1.0e+14 Hz, Iterations =  117 
      1K LP Filter Gap 1 ( 1/ 1): Band = 1.0e+13-1.0e+14 Hz, Iterations =    4 
         80K IR Filter 2 ( 4/10): Band = 1.0e+13-1.0e+14 Hz, Iterations =  121 
         80K Al Filter 1 ( 9/10): Band = 1.0e+13-1.0e+14 Hz, Iterations =  100 
         80K IR Filter 1 ( 8/10): Band = 1.0e+13-1.0e+14 Hz, Iterations =  120 
     80K Al Filter Gap 1 ( 1/ 1): Band = 1.0e+13-1.0e+14 Hz, Iterations =    3 
       100mK LP Filter 1 ( 2/10): Band = 1.0e+13-1.0e+14 Hz, Iterations =    3 
          1K LP Filter 2 ( 5/10): Band = 1.0e+13-1.0e+14 Hz, Iterations =    5 
          4K LP Filter 1 ( 1/10): Band = 1.0e+13-1.0e+14 Hz, Iterations =    5 
         80K IR Filter 1 ( 5/10): Band = 1.0e+13-1.0e+14 Hz, Iterations =  108 
         80K IR Filter 1 (10/10): Band = 1.0e+13-1.0e+14 Hz, Iterations =  113 
       100mK LP Filter 1 ( 7/10): Band = 1.0e+13-1.0e+14 Hz, Iterations =    2 
         80K Al Filter 1 ( 5/10): Band = 1.0e+13-1.0e+14 Hz, Iterations =   87 
          4K LP Filter 1 ( 4/10): Band = 1.0e+13-1.0e+14 Hz, Iterations =    6 
         80K IR Filter 1 ( 7/10): Band = 1.0e+13-1.0e+14 Hz, Iterations =  123 
           Lyot Stop Gap ( 1/ 1): Band = 1.0e+13-1.0e+14 Hz, Iterations =    2 
         40K LP Filter 1 ( 9/10): Band = 1.0e+13-1.0e+14 Hz, Iterations =    5 
     80K IR Filter Gap 1 ( 1/ 1): Band = 1.0e+13-1.0e+14 Hz, Iterations =  238 
          1K LP Filter 1 ( 3/10): Band = 1.0e+13-1.0e+14 Hz, Iterations =    5 
         80K Al Filter 1 (10/10): Band = 1.0e+13-1.0e+14 Hz, Iterations =  109 
         80K Al Filter 1 ( 8/10): Band = 1.0e+13-1.0e+14 Hz, Iterations =   89 
         80K IR Filter 1 ( 9/10): Band = 1.0e+13-1.0e+14 Hz, Iterations =  127 
          1K LP Filter 2 ( 3/10): Band = 1.0e+13-1.0e+14 Hz, Iterations =    4 
                4K Plate ( 1/ 1): Band = 1.0e+13-1.0e+14 Hz, Iterations =    3 
   80K IR Filter Clamp 1 ( 1/ 1): Band = 1.0e+13-1.0e+14 Hz, Iterations =  169 
         80K IR Filter 2 ( 3/10): Band = 1.0e+13-1.0e+14 Hz, Iterations =  129 
          1K LP Filter 2 ( 6/10): Band = 1.0e+13-1.0e+14 Hz, Iterations =    5 
          4K LP Filter 1 ( 2/10): Band = 1.0e+13-1.0e+14 Hz, Iterations =    6 
     40K LP Filter Gap 1 ( 1/ 1): Band = 1.0e+13-1.0e+14 Hz, Iterations =    5 
       100mK LP Filter 1 ( 8/10): Band = 1.0e+13-1.0e+14 Hz, Iterations =    3 
       100mK LP Filter 1 ( 5/10): Band = 1.0e+13-1.0e+14 Hz, Iterations =    3 
   1K LP Filter Holder 1 ( 1/ 1): Band = 1.0e+13-1.0e+14 Hz, Iterations =    5 
          1K LP Filter 1 ( 1/10): Band = 1.0e+13-1.0e+14 Hz, Iterations =    5 
        Lyot Stop Bottom ( 1/ 1): Band = 1.0e+13-1.0e+14 Hz, Iterations =    3 
         80K IR Filter 2 (10/10): Band = 1.0e+13-1.0e+14 Hz, Iterations =  104 
         80K Al Filter 1 ( 2/10): Band = 1.0e+13-1.0e+14 Hz, Iterations =  103 
       100mK LP Filter 1 ( 1/10): Band = 1.0e+13-1.0e+14 Hz, Iterations =    3 
          1K LP Filter 2 ( 4/10): Band = 1.0e+13-1.0e+14 Hz, Iterations =    4 
          1K LP Filter 2 ( 2/10): Band = 1.0e+13-1.0e+14 Hz, Iterations =    5 
         40K LP Filter 1 ( 2/10): Band = 1.0e+13-1.0e+14 Hz, Iterations =    5 
         80K Al Filter 1 ( 4/10): Band = 1.0e+13-1.0e+14 Hz, Iterations =  109 
         40K LP Filter 1 ( 6/10): Band = 1.0e+13-1.0e+14 Hz, Iterations =    5 
         80K Al Filter 1 ( 1/10): Band = 1.0e+13-1.0e+14 Hz, Iterations =   88 
       100mK LP Filter 1 ( 6/10): Band = 1.0e+13-1.0e+14 Hz, Iterations =    3 
       100mK LP Filter 1 ( 4/10): Band = 1.0e+13-1.0e+14 Hz, Iterations =    3 
         80K Al Filter 1 ( 7/10): Band = 1.0e+13-1.0e+14 Hz, Iterations =  107 
         40K LP Filter 1 ( 8/10): Band = 1.0e+13-1.0e+14 Hz, Iterations =    4 
         80K Al Filter 1 ( 3/10): Band = 1.0e+13-1.0e+14 Hz, Iterations =  107 
          4K LP Filter 1 ( 6/10): Band = 1.0e+13-1.0e+14 Hz, Iterations =    5 
          4K LP Filter 1 (10/10): Band = 1.0e+13-1.0e+14 Hz, Iterations =    5 
         40K LP Filter 1 ( 5/10): Band = 1.0e+13-1.0e+14 Hz, Iterations =    6 
   40K LP Filter Clamp 1 ( 1/ 1): Band = 1.0e+13-1.0e+14 Hz, Iterations =    5 
          4K Baffle Tube ( 1/ 1): Band = 1.0e+13-1.0e+14 Hz, Iterations =    3 
         40K LP Filter 1 ( 7/10): Band = 1.0e+13-1.0e+14 Hz, Iterations =    5 
         80K IR Filter 2 ( 9/10): Band = 1.0e+13-1.0e+14 Hz, Iterations =  113 
          1K LP Filter 1 ( 9/10): Band = 1.0e+13-1.0e+14 Hz, Iterations =    4 
          1K LP Filter 1 ( 5/10): Band = 1.0e+13-1.0e+14 Hz, Iterations =    5 
          4K LP Filter 1 ( 9/10): Band = 1.0e+13-1.0e+14 Hz, Iterations =    5 
    1K LP Filter Clamp 1 ( 1/ 1): Band = 1.0e+13-1.0e+14 Hz, Iterations =    5 
        Lyot Stop Middle ( 1/ 1): Band = 1.0e+13-1.0e+14 Hz, Iterations =    2 
    4K LP Filter Clamp 1 ( 1/ 1): Band = 1.0e+13-1.0e+14 Hz, Iterations =    5 
         40K LP Filter 1 ( 1/10): Band = 1.0e+13-1.0e+14 Hz, Iterations =    6 
   1K LP Filter Holder 2 ( 1/ 1): Band = 1.0e+13-1.0e+14 Hz, Iterations =    3 
   80K IR Filter Clamp 2 ( 1/ 1): Band = 1.0e+13-1.0e+14 Hz, Iterations =  124 
          1K LP Filter 1 ( 8/10): Band = 1.0e+13-1.0e+14 Hz, Iterations =    5 
     80K IR Filter Gap 2 ( 1/ 1): Band = 1.0e+13-1.0e+14 Hz, Iterations =  999 
          1K LP Filter 2 ( 8/10): Band = 1.0e+13-1.0e+14 Hz, Iterations =    4 
                1K Plate ( 1/ 1): Band = 1.0e+13-1.0e+14 Hz, Iterations =    3 
          1K LP Filter 2 ( 1/10): Band = 1.0e+13-1.0e+14 Hz, Iterations =    6 
          1K LP Filter 1 (10/10): Band = 1.0e+13-1.0e+14 Hz, Iterations =    4 
          4K LP Filter 1 ( 5/10): Band = 1.0e+13-1.0e+14 Hz, Iterations =    6 
         40K LP Filter 1 ( 3/10): Band = 1.0e+13-1.0e+14 Hz, Iterations =    6 
       100mK LP Filter 1 (10/10): Band = 1.0e+13-1.0e+14 Hz, Iterations =    3 
         40K LP Filter 1 ( 4/10): Band = 1.0e+13-1.0e+14 Hz, Iterations =    6 
    1K LP Filter Clamp 2 ( 1/ 1): Band = 1.0e+13-1.0e+14 Hz, Iterations =    3 
      1K LP Filter Gap 2 ( 1/ 1): Band = 1.0e+13-1.0e+14 Hz, Iterations =    2 
       100mK LP Filter 1 ( 3/10): Band = 1.0e+13-1.0e+14 Hz, Iterations =    4 
          1K LP Filter 1 ( 4/10): Band = 1.0e+13-1.0e+14 Hz, Iterations =    4 
          4K LP Filter 1 ( 7/10): Band = 1.0e+13-1.0e+14 Hz, Iterations =    5 
          4K LP Filter 1 ( 8/10): Band = 1.0e+13-1.0e+14 Hz, Iterations =    5 
          1K LP Filter 2 ( 7/10): Band = 1.0e+13-1.0e+14 Hz, Iterations =    4 
          1K LP Filter 1 ( 6/10): Band = 1.0e+13-1.0e+14 Hz, Iterations =    5 
          1K LP Filter 1 ( 7/10): Band = 1.0e+13-1.0e+14 Hz, Iterations =    4 
       100mK LP Filter 1 ( 9/10): Band = 1.0e+13-1.0e+14 Hz, Iterations =    3 
          1K LP Filter 2 ( 9/10): Band = 1.0e+13-1.0e+14 Hz, Iterations =    3 
          1K LP Filter 2 (10/10): Band = 1.0e+13-1.0e+14 Hz, Iterations =    3 
 100mK LP Filter Clamp 1 ( 1/ 1): Band = 1.0e+13-1.0e+14 Hz, Iterations =    3 
            Array Module ( 1/ 1): Band = 1.0e+13-1.0e+14 Hz, Iterations =    1 

                  Window ( 1/ 1): Band = 1.0e+14-1.0e+15 Hz, Iterations =   95 
      Incident Radiation ( 1/ 1): Band = 1.0e+14-1.0e+15 Hz, Iterations =   90 
             Front Plate ( 1/ 1): Band = 1.0e+14-1.0e+15 Hz, Iterations =  136 
            Window Clamp ( 1/ 1): Band = 1.0e+14-1.0e+15 Hz, Iterations =  108 
        300K IR Filter 1 (10/10): Band = 1.0e+14-1.0e+15 Hz, Iterations =  118 
        300K IR Filter 1 ( 6/10): Band = 1.0e+14-1.0e+15 Hz, Iterations =  112 
        300K IR Filter 1 ( 5/10): Band = 1.0e+14-1.0e+15 Hz, Iterations =  114 
        300K IR Filter 1 ( 3/10): Band = 1.0e+14-1.0e+15 Hz, Iterations =  109 
        300K IR Filter 1 ( 8/10): Band = 1.0e+14-1.0e+15 Hz, Iterations =  145 
        300K IR Filter 1 ( 9/10): Band = 1.0e+14-1.0e+15 Hz, Iterations =  122 
        300K IR Filter 1 ( 2/10): Band = 1.0e+14-1.0e+15 Hz, Iterations =  131 
  300K IR Filter Clamp 1 ( 1/ 1): Band = 1.0e+14-1.0e+15 Hz, Iterations =  118 
        300K IR Filter 1 ( 4/10): Band = 1.0e+14-1.0e+15 Hz, Iterations =  111 
        300K IR Filter 1 ( 7/10): Band = 1.0e+14-1.0e+15 Hz, Iterations =  128 
        300K IR Filter 1 ( 1/10): Band = 1.0e+14-1.0e+15 Hz, Iterations =  129 
    300K IR Filter Gap 1 ( 1/ 1): Band = 1.0e+14-1.0e+15 Hz, Iterations =  114 
        300K IR Filter 2 ( 2/10): Band = 1.0e+14-1.0e+15 Hz, Iterations =  141 
        300K IR Filter 2 (10/10): Band = 1.0e+14-1.0e+15 Hz, Iterations =  121 
        300K IR Filter 2 ( 1/10): Band = 1.0e+14-1.0e+15 Hz, Iterations =  134 
        300K IR Filter 2 ( 4/10): Band = 1.0e+14-1.0e+15 Hz, Iterations =  142 
        300K IR Filter 2 ( 3/10): Band = 1.0e+14-1.0e+15 Hz, Iterations =  140 
        300K IR Filter 2 ( 7/10): Band = 1.0e+14-1.0e+15 Hz, Iterations =  138 
        300K IR Filter 2 ( 9/10): Band = 1.0e+14-1.0e+15 Hz, Iterations =  116 
        300K IR Filter 2 ( 6/10): Band = 1.0e+14-1.0e+15 Hz, Iterations =  135 
        300K IR Filter 2 ( 8/10): Band = 1.0e+14-1.0e+15 Hz, Iterations =  132 
         80K IR Filter 1 ( 2/10): Band = 1.0e+14-1.0e+15 Hz, Iterations =  132 
         80K IR Filter 1 ( 3/10): Band = 1.0e+14-1.0e+15 Hz, Iterations =  135 
         80K IR Filter 1 ( 1/10): Band = 1.0e+14-1.0e+15 Hz, Iterations =  139 
  300K IR Filter Clamp 2 ( 1/ 1): Band = 1.0e+14-1.0e+15 Hz, Iterations =  122 
    300K IR Filter Gap 2 ( 1/ 1): Band = 1.0e+14-1.0e+15 Hz, Iterations =  120 
        300K IR Filter 2 ( 5/10): Band = 1.0e+14-1.0e+15 Hz, Iterations =  158 
         80K IR Filter 1 ( 4/10): Band = 1.0e+14-1.0e+15 Hz, Iterations =  112 
         80K IR Filter 2 ( 2/10): Band = 1.0e+14-1.0e+15 Hz, Iterations =  127 
         80K IR Filter 2 ( 6/10): Band = 1.0e+14-1.0e+15 Hz, Iterations =  106 
         80K IR Filter 2 ( 1/10): Band = 1.0e+14-1.0e+15 Hz, Iterations =  114 
         80K IR Filter 2 ( 7/10): Band = 1.0e+14-1.0e+15 Hz, Iterations =  126 
         80K IR Filter 2 ( 5/10): Band = 1.0e+14-1.0e+15 Hz, Iterations =  112 
         80K Al Filter 1 ( 6/10): Band = 1.0e+14-1.0e+15 Hz, Iterations =  102 
   80K Al Filter Clamp 1 ( 1/ 1): Band = 1.0e+14-1.0e+15 Hz, Iterations =    0 
         80K IR Filter 2 ( 4/10): Band = 1.0e+14-1.0e+15 Hz, Iterations =  114 
         80K IR Filter 2 ( 3/10): Band = 1.0e+14-1.0e+15 Hz, Iterations =  140 
         40K LP Filter 1 (10/10): Band = 1.0e+14-1.0e+15 Hz, Iterations =   11 
          4K LP Filter 1 ( 3/10): Band = 1.0e+14-1.0e+15 Hz, Iterations =   10 
         80K IR Filter 1 ( 6/10): Band = 1.0e+14-1.0e+15 Hz, Iterations =  121 
           Lyot Stop Top ( 1/ 1): Band = 1.0e+14-1.0e+15 Hz, Iterations =    5 
          1K LP Filter 1 ( 2/10): Band = 1.0e+14-1.0e+15 Hz, Iterations =    9 
         80K IR Filter 1 (10/10): Band = 1.0e+14-1.0e+15 Hz, Iterations =  110 
         80K Al Filter 1 (10/10): Band = 1.0e+14-1.0e+15 Hz, Iterations =   87 
         80K IR Filter 1 ( 8/10): Band = 1.0e+14-1.0e+15 Hz, Iterations =  136 
         80K IR Filter 2 ( 8/10): Band = 1.0e+14-1.0e+15 Hz, Iterations =  129 
      1K LP Filter Gap 1 ( 1/ 1): Band = 1.0e+14-1.0e+15 Hz, Iterations =    6 
         80K Al Filter 1 ( 5/10): Band = 1.0e+14-1.0e+15 Hz, Iterations =  102 
         80K IR Filter 1 ( 5/10): Band = 1.0e+14-1.0e+15 Hz, Iterations =  139 
          1K LP Filter 2 ( 5/10): Band = 1.0e+14-1.0e+15 Hz, Iterations =   10 
         80K Al Filter 1 ( 9/10): Band = 1.0e+14-1.0e+15 Hz, Iterations =  120 
         80K IR Filter 1 ( 7/10): Band = 1.0e+14-1.0e+15 Hz, Iterations =  129 
          4K LP Filter 1 ( 2/10): Band = 1.0e+14-1.0e+15 Hz, Iterations =    9 
     80K Al Filter Gap 1 ( 1/ 1): Band = 1.0e+14-1.0e+15 Hz, Iterations =    3 
     80K IR Filter Gap 1 ( 1/ 1): Band = 1.0e+14-1.0e+15 Hz, Iterations =  131 
       100mK LP Filter 1 ( 2/10): Band = 1.0e+14-1.0e+15 Hz, Iterations =    4 
         40K LP Filter 1 ( 9/10): Band = 1.0e+14-1.0e+15 Hz, Iterations =   12 
   80K IR Filter Clamp 1 ( 1/ 1): Band = 1.0e+14-1.0e+15 Hz, Iterations =  127 
         80K Al Filter 1 ( 8/10): Band = 1.0e+14-1.0e+15 Hz, Iterations =  102 
       100mK LP Filter 1 ( 7/10): Band = 1.0e+14-1.0e+15 Hz, Iterations =    5 
         80K Al Filter 1 ( 7/10): Band = 1.0e+14-1.0e+15 Hz, Iterations =  123 
          1K LP Filter 1 ( 1/10): Band = 1.0e+14-1.0e+15 Hz, Iterations =    6 
          4K LP Filter 1 ( 1/10): Band = 1.0e+14-1.0e+15 Hz, Iterations =   10 
          4K LP Filter 1 ( 4/10): Band = 1.0e+14-1.0e+15 Hz, Iterations =   12 
                4K Plate ( 1/ 1): Band = 1.0e+14-1.0e+15 Hz, Iterations =    6 
     80K IR Filter Gap 2 ( 1/ 1): Band = 1.0e+14-1.0e+15 Hz, Iterations =  108 
          1K LP Filter 2 ( 4/10): Band = 1.0e+14-1.0e+15 Hz, Iterations =    8 
           Lyot Stop Gap ( 1/ 1): Band = 1.0e+14-1.0e+15 Hz, Iterations =    4 
         80K IR Filter 1 ( 9/10): Band = 1.0e+14-1.0e+15 Hz, Iterations =  132 
          1K LP Filter 1 ( 3/10): Band = 1.0e+14-1.0e+15 Hz, Iterations =    7 
   40K LP Filter Clamp 1 ( 1/ 1): Band = 1.0e+14-1.0e+15 Hz, Iterations =   11 
   1K LP Filter Holder 1 ( 1/ 1): Band = 1.0e+14-1.0e+15 Hz, Iterations =    7 
     40K LP Filter Gap 1 ( 1/ 1): Band = 1.0e+14-1.0e+15 Hz, Iterations =   12 
         80K Al Filter 1 ( 2/10): Band = 1.0e+14-1.0e+15 Hz, Iterations =  131 
       100mK LP Filter 1 ( 6/10): Band = 1.0e+14-1.0e+15 Hz, Iterations =    4 
         40K LP Filter 1 ( 4/10): Band = 1.0e+14-1.0e+15 Hz, Iterations =   10 
          1K LP Filter 2 ( 6/10): Band = 1.0e+14-1.0e+15 Hz, Iterations =    7 
          1K LP Filter 2 ( 3/10): Band = 1.0e+14-1.0e+15 Hz, Iterations =   10 
       100mK LP Filter 1 ( 1/10): Band = 1.0e+14-1.0e+15 Hz, Iterations =    5 
        Lyot Stop Bottom ( 1/ 1): Band = 1.0e+14-1.0e+15 Hz, Iterations =    5 
        Lyot Stop Middle ( 1/ 1): Band = 1.0e+14-1.0e+15 Hz, Iterations =    4 
         40K LP Filter 1 ( 6/10): Band = 1.0e+14-1.0e+15 Hz, Iterations =   10 
         80K Al Filter 1 ( 4/10): Band = 1.0e+14-1.0e+15 Hz, Iterations =  137 
       100mK LP Filter 1 ( 8/10): Band = 1.0e+14-1.0e+15 Hz, Iterations =    4 
       100mK LP Filter 1 ( 5/10): Band = 1.0e+14-1.0e+15 Hz, Iterations =    4 
          4K LP Filter 1 ( 8/10): Band = 1.0e+14-1.0e+15 Hz, Iterations =   12 
         80K Al Filter 1 ( 3/10): Band = 1.0e+14-1.0e+15 Hz, Iterations =  113 
          1K LP Filter 2 ( 2/10): Band = 1.0e+14-1.0e+15 Hz, Iterations =    8 
          4K LP Filter 1 (10/10): Band = 1.0e+14-1.0e+15 Hz, Iterations =   11 
          1K LP Filter 2 ( 1/10): Band = 1.0e+14-1.0e+15 Hz, Iterations =    9 
         40K LP Filter 1 ( 8/10): Band = 1.0e+14-1.0e+15 Hz, Iterations =    9 
          1K LP Filter 1 ( 7/10): Band = 1.0e+14-1.0e+15 Hz, Iterations =    7 
       100mK LP Filter 1 ( 4/10): Band = 1.0e+14-1.0e+15 Hz, Iterations =    5 
         80K IR Filter 2 (10/10): Band = 1.0e+14-1.0e+15 Hz, Iterations =  131 
         40K LP Filter 1 ( 7/10): Band = 1.0e+14-1.0e+15 Hz, Iterations =   10 
       100mK LP Filter 1 ( 3/10): Band = 1.0e+14-1.0e+15 Hz, Iterations =    4 
          1K LP Filter 1 ( 9/10): Band = 1.0e+14-1.0e+15 Hz, Iterations =    8 
         80K Al Filter 1 ( 1/10): Band = 1.0e+14-1.0e+15 Hz, Iterations =  117 
          1K LP Filter 2 (10/10): Band = 1.0e+14-1.0e+15 Hz, Iterations =    6 
          4K Baffle Tube ( 1/ 1): Band = 1.0e+14-1.0e+15 Hz, Iterations =    3 
         80K IR Filter 2 ( 9/10): Band = 1.0e+14-1.0e+15 Hz, Iterations =  117 
   1K LP Filter Holder 2 ( 1/ 1): Band = 1.0e+14-1.0e+15 Hz, Iterations =    3 
         40K LP Filter 1 ( 2/10): Band = 1.0e+14-1.0e+15 Hz, Iterations =   11 
    4K LP Filter Clamp 1 ( 1/ 1): Band = 1.0e+14-1.0e+15 Hz, Iterations =   11 
         40K LP Filter 1 ( 5/10): Band = 1.0e+14-1.0e+15 Hz, Iterations =   12 
            Array Module ( 1/ 1): Band = 1.0e+14-1.0e+15 Hz, Iterations =    2 
         40K LP Filter 1 ( 1/10): Band = 1.0e+14-1.0e+15 Hz, Iterations =   10 
    1K LP Filter Clamp 1 ( 1/ 1): Band = 1.0e+14-1.0e+15 Hz, Iterations =    7 
   80K IR Filter Clamp 2 ( 1/ 1): Band = 1.0e+14-1.0e+15 Hz, Iterations =  143 
          4K LP Filter 1 ( 6/10): Band = 1.0e+14-1.0e+15 Hz, Iterations =   10 
          1K LP Filter 1 (10/10): Band = 1.0e+14-1.0e+15 Hz, Iterations =    7 
          4K LP Filter 1 ( 9/10): Band = 1.0e+14-1.0e+15 Hz, Iterations =   11 
                1K Plate ( 1/ 1): Band = 1.0e+14-1.0e+15 Hz, Iterations =    5 
          4K LP Filter 1 ( 5/10): Band = 1.0e+14-1.0e+15 Hz, Iterations =   11 
      1K LP Filter Gap 2 ( 1/ 1): Band = 1.0e+14-1.0e+15 Hz, Iterations =    4 
         40K LP Filter 1 ( 3/10): Band = 1.0e+14-1.0e+15 Hz, Iterations =   15 
          1K LP Filter 1 ( 5/10): Band = 1.0e+14-1.0e+15 Hz, Iterations =    6 
          1K LP Filter 1 ( 8/10): Band = 1.0e+14-1.0e+15 Hz, Iterations =    8 
          1K LP Filter 1 ( 4/10): Band = 1.0e+14-1.0e+15 Hz, Iterations =    7 
          1K LP Filter 2 ( 8/10): Band = 1.0e+14-1.0e+15 Hz, Iterations =    7 
          4K LP Filter 1 ( 7/10): Band = 1.0e+14-1.0e+15 Hz, Iterations =   12 
    1K LP Filter Clamp 2 ( 1/ 1): Band = 1.0e+14-1.0e+15 Hz, Iterations =    7 
          1K LP Filter 2 ( 7/10): Band = 1.0e+14-1.0e+15 Hz, Iterations =    7 
       100mK LP Filter 1 (10/10): Band = 1.0e+14-1.0e+15 Hz, Iterations =    4 
       100mK LP Filter 1 ( 9/10): Band = 1.0e+14-1.0e+15 Hz, Iterations =    4 
          1K LP Filter 1 ( 6/10): Band = 1.0e+14-1.0e+15 Hz, Iterations =    8 
          1K LP Filter 2 ( 9/10): Band = 1.0e+14-1.0e+15 Hz, Iterations =    6 
 100mK LP Filter Clamp 1 ( 1/ 1): Band = 1.0e+14-1.0e+15 Hz, Iterations =    4 

                  Window ( 1/ 1): Band = 1.0e+15-1.0e+16 Hz, Iterations =  100 
      Incident Radiation ( 1/ 1): Band = 1.0e+15-1.0e+16 Hz, Iterations =   98 
        300K IR Filter 1 ( 9/10): Band = 1.0e+15-1.0e+16 Hz, Iterations =  126 
        300K IR Filter 1 (10/10): Band = 1.0e+15-1.0e+16 Hz, Iterations =  115 
        300K IR Filter 1 ( 7/10): Band = 1.0e+15-1.0e+16 Hz, Iterations =  122 
        300K IR Filter 1 ( 2/10): Band = 1.0e+15-1.0e+16 Hz, Iterations =  111 
        300K IR Filter 1 ( 1/10): Band = 1.0e+15-1.0e+16 Hz, Iterations =  116 
        300K IR Filter 1 ( 3/10): Band = 1.0e+15-1.0e+16 Hz, Iterations =   96 
        300K IR Filter 1 ( 8/10): Band = 1.0e+15-1.0e+16 Hz, Iterations =  123 
  300K IR Filter Clamp 1 ( 1/ 1): Band = 1.0e+15-1.0e+16 Hz, Iterations =  130 
        300K IR Filter 1 ( 5/10): Band = 1.0e+15-1.0e+16 Hz, Iterations =  126 
        300K IR Filter 1 ( 4/10): Band = 1.0e+15-1.0e+16 Hz, Iterations =  125 
        300K IR Filter 1 ( 6/10): Band = 1.0e+15-1.0e+16 Hz, Iterations =  118 
            Window Clamp ( 1/ 1): Band = 1.0e+15-1.0e+16 Hz, Iterations =  999 
             Front Plate ( 1/ 1): Band = 1.0e+15-1.0e+16 Hz, Iterations =  999 
    300K IR Filter Gap 1 ( 1/ 1): Band = 1.0e+15-1.0e+16 Hz, Iterations =  131 
        300K IR Filter 2 ( 1/10): Band = 1.0e+15-1.0e+16 Hz, Iterations =  130 
        300K IR Filter 2 ( 2/10): Band = 1.0e+15-1.0e+16 Hz, Iterations =  123 
         80K IR Filter 1 ( 1/10): Band = 1.0e+15-1.0e+16 Hz, Iterations =  121 
        300K IR Filter 2 ( 9/10): Band = 1.0e+15-1.0e+16 Hz, Iterations =  134 
        300K IR Filter 2 (10/10): Band = 1.0e+15-1.0e+16 Hz, Iterations =  126 
        300K IR Filter 2 ( 7/10): Band = 1.0e+15-1.0e+16 Hz, Iterations =  145 
        300K IR Filter 2 ( 6/10): Band = 1.0e+15-1.0e+16 Hz, Iterations =  131 
         80K IR Filter 1 ( 2/10): Band = 1.0e+15-1.0e+16 Hz, Iterations =  150 
        300K IR Filter 2 ( 5/10): Band = 1.0e+15-1.0e+16 Hz, Iterations =  131 
  300K IR Filter Clamp 2 ( 1/ 1): Band = 1.0e+15-1.0e+16 Hz, Iterations =  151 
         80K IR Filter 1 ( 3/10): Band = 1.0e+15-1.0e+16 Hz, Iterations =  143 
        300K IR Filter 2 ( 8/10): Band = 1.0e+15-1.0e+16 Hz, Iterations =  136 
    300K IR Filter Gap 2 ( 1/ 1): Band = 1.0e+15-1.0e+16 Hz, Iterations =  134 
        300K IR Filter 2 ( 3/10): Band = 1.0e+15-1.0e+16 Hz, Iterations =  133 
        300K IR Filter 2 ( 4/10): Band = 1.0e+15-1.0e+16 Hz, Iterations =  125 
         80K IR Filter 1 ( 4/10): Band = 1.0e+15-1.0e+16 Hz, Iterations =  123 
         80K IR Filter 2 ( 5/10): Band = 1.0e+15-1.0e+16 Hz, Iterations =  126 
         80K IR Filter 2 ( 1/10): Band = 1.0e+15-1.0e+16 Hz, Iterations =  111 
         80K IR Filter 2 ( 2/10): Band = 1.0e+15-1.0e+16 Hz, Iterations =  118 
         80K IR Filter 2 ( 7/10): Band = 1.0e+15-1.0e+16 Hz, Iterations =  130 
         80K IR Filter 2 ( 6/10): Band = 1.0e+15-1.0e+16 Hz, Iterations =  121 
   80K Al Filter Clamp 1 ( 1/ 1): Band = 1.0e+15-1.0e+16 Hz, Iterations =    0 
         80K IR Filter 2 ( 3/10): Band = 1.0e+15-1.0e+16 Hz, Iterations =  156 
         80K IR Filter 2 ( 4/10): Band = 1.0e+15-1.0e+16 Hz, Iterations =  179 
         80K IR Filter 1 ( 5/10): Band = 1.0e+15-1.0e+16 Hz, Iterations =  136 
          4K LP Filter 1 ( 3/10): Band = 1.0e+15-1.0e+16 Hz, Iterations =   10 
         80K Al Filter 1 ( 9/10): Band = 1.0e+15-1.0e+16 Hz, Iterations =  104 
         80K IR Filter 1 ( 6/10): Band = 1.0e+15-1.0e+16 Hz, Iterations =  126 
         80K Al Filter 1 ( 6/10): Band = 1.0e+15-1.0e+16 Hz, Iterations =  105 
         80K IR Filter 2 ( 8/10): Band = 1.0e+15-1.0e+16 Hz, Iterations =  127 
         80K Al Filter 1 ( 5/10): Band = 1.0e+15-1.0e+16 Hz, Iterations =  116 
          1K LP Filter 1 ( 2/10): Band = 1.0e+15-1.0e+16 Hz, Iterations =    8 
         80K IR Filter 1 (10/10): Band = 1.0e+15-1.0e+16 Hz, Iterations =  149 
          4K LP Filter 1 ( 1/10): Band = 1.0e+15-1.0e+16 Hz, Iterations =   11 
         40K LP Filter 1 (10/10): Band = 1.0e+15-1.0e+16 Hz, Iterations =   13 
         80K Al Filter 1 (10/10): Band = 1.0e+15-1.0e+16 Hz, Iterations =  124 
         40K LP Filter 1 ( 9/10): Band = 1.0e+15-1.0e+16 Hz, Iterations =   12 
     80K Al Filter Gap 1 ( 1/ 1): Band = 1.0e+15-1.0e+16 Hz, Iterations =    5 
          1K LP Filter 2 ( 5/10): Band = 1.0e+15-1.0e+16 Hz, Iterations =   10 
     80K IR Filter Gap 1 ( 1/ 1): Band = 1.0e+15-1.0e+16 Hz, Iterations =  147 
         80K Al Filter 1 ( 7/10): Band = 1.0e+15-1.0e+16 Hz, Iterations =   91 
           Lyot Stop Gap ( 1/ 1): Band = 1.0e+15-1.0e+16 Hz, Iterations =    4 
                4K Plate ( 1/ 1): Band = 1.0e+15-1.0e+16 Hz, Iterations =    5 
   80K IR Filter Clamp 1 ( 1/ 1): Band = 1.0e+15-1.0e+16 Hz, Iterations =  167 
           Lyot Stop Top ( 1/ 1): Band = 1.0e+15-1.0e+16 Hz, Iterations =    5 
         80K IR Filter 1 ( 9/10): Band = 1.0e+15-1.0e+16 Hz, Iterations =  129 
          4K LP Filter 1 ( 2/10): Band = 1.0e+15-1.0e+16 Hz, Iterations =   11 
         80K Al Filter 1 ( 8/10): Band = 1.0e+15-1.0e+16 Hz, Iterations =   99 
          4K LP Filter 1 ( 4/10): Band = 1.0e+15-1.0e+16 Hz, Iterations =   13 
       100mK LP Filter 1 ( 7/10): Band = 1.0e+15-1.0e+16 Hz, Iterations =    7 
      1K LP Filter Gap 1 ( 1/ 1): Band = 1.0e+15-1.0e+16 Hz, Iterations =    6 
   1K LP Filter Holder 1 ( 1/ 1): Band = 1.0e+15-1.0e+16 Hz, Iterations =    7 
          1K LP Filter 2 ( 3/10): Band = 1.0e+15-1.0e+16 Hz, Iterations =    8 
          1K LP Filter 1 ( 1/10): Band = 1.0e+15-1.0e+16 Hz, Iterations =    8 
   40K LP Filter Clamp 1 ( 1/ 1): Band = 1.0e+15-1.0e+16 Hz, Iterations =   11 
          1K LP Filter 1 ( 3/10): Band = 1.0e+15-1.0e+16 Hz, Iterations =    7 
       100mK LP Filter 1 ( 2/10): Band = 1.0e+15-1.0e+16 Hz, Iterations =    5 
     40K LP Filter Gap 1 ( 1/ 1): Band = 1.0e+15-1.0e+16 Hz, Iterations =   15 
       100mK LP Filter 1 ( 1/10): Band = 1.0e+15-1.0e+16 Hz, Iterations =    4 
       100mK LP Filter 1 ( 5/10): Band = 1.0e+15-1.0e+16 Hz, Iterations =    7 
         80K Al Filter 1 ( 2/10): Band = 1.0e+15-1.0e+16 Hz, Iterations =  105 
          1K LP Filter 2 ( 4/10): Band = 1.0e+15-1.0e+16 Hz, Iterations =    7 
         80K IR Filter 1 ( 7/10): Band = 1.0e+15-1.0e+16 Hz, Iterations =  128 
        Lyot Stop Middle ( 1/ 1): Band = 1.0e+15-1.0e+16 Hz, Iterations =    6 
          1K LP Filter 2 ( 6/10): Band = 1.0e+15-1.0e+16 Hz, Iterations =    9 
        Lyot Stop Bottom ( 1/ 1): Band = 1.0e+15-1.0e+16 Hz, Iterations =    4 
         80K IR Filter 1 ( 8/10): Band = 1.0e+15-1.0e+16 Hz, Iterations =  115 
       100mK LP Filter 1 ( 6/10): Band = 1.0e+15-1.0e+16 Hz, Iterations =    5 
         40K LP Filter 1 ( 6/10): Band = 1.0e+15-1.0e+16 Hz, Iterations =   11 
         80K Al Filter 1 ( 4/10): Band = 1.0e+15-1.0e+16 Hz, Iterations =  120 
         80K Al Filter 1 ( 3/10): Band = 1.0e+15-1.0e+16 Hz, Iterations =  128 
       100mK LP Filter 1 ( 8/10): Band = 1.0e+15-1.0e+16 Hz, Iterations =    6 
         80K IR Filter 2 ( 9/10): Band = 1.0e+15-1.0e+16 Hz, Iterations =  103 
          1K LP Filter 2 ( 1/10): Band = 1.0e+15-1.0e+16 Hz, Iterations =    7 
         80K Al Filter 1 ( 1/10): Band = 1.0e+15-1.0e+16 Hz, Iterations =  112 
          1K LP Filter 2 ( 2/10): Band = 1.0e+15-1.0e+16 Hz, Iterations =    8 
         80K IR Filter 2 (10/10): Band = 1.0e+15-1.0e+16 Hz, Iterations =  139 
          4K LP Filter 1 (10/10): Band = 1.0e+15-1.0e+16 Hz, Iterations =   12 
         40K LP Filter 1 ( 8/10): Band = 1.0e+15-1.0e+16 Hz, Iterations =   10 
       100mK LP Filter 1 ( 3/10): Band = 1.0e+15-1.0e+16 Hz, Iterations =    8 
         40K LP Filter 1 ( 7/10): Band = 1.0e+15-1.0e+16 Hz, Iterations =   12 
       100mK LP Filter 1 ( 4/10): Band = 1.0e+15-1.0e+16 Hz, Iterations =    4 
         40K LP Filter 1 ( 5/10): Band = 1.0e+15-1.0e+16 Hz, Iterations =   12 
         40K LP Filter 1 ( 1/10): Band = 1.0e+15-1.0e+16 Hz, Iterations =   10 
          1K LP Filter 1 ( 9/10): Band = 1.0e+15-1.0e+16 Hz, Iterations =    7 
          4K Baffle Tube ( 1/ 1): Band = 1.0e+15-1.0e+16 Hz, Iterations =    6 
         40K LP Filter 1 ( 2/10): Band = 1.0e+15-1.0e+16 Hz, Iterations =   13 
          4K LP Filter 1 ( 9/10): Band = 1.0e+15-1.0e+16 Hz, Iterations =   10 
    4K LP Filter Clamp 1 ( 1/ 1): Band = 1.0e+15-1.0e+16 Hz, Iterations =   11 
          4K LP Filter 1 ( 5/10): Band = 1.0e+15-1.0e+16 Hz, Iterations =   14 
   1K LP Filter Holder 2 ( 1/ 1): Band = 1.0e+15-1.0e+16 Hz, Iterations =    4 
     80K IR Filter Gap 2 ( 1/ 1): Band = 1.0e+15-1.0e+16 Hz, Iterations =  127 
    1K LP Filter Clamp 1 ( 1/ 1): Band = 1.0e+15-1.0e+16 Hz, Iterations =    8 
          4K LP Filter 1 ( 6/10): Band = 1.0e+15-1.0e+16 Hz, Iterations =   12 
          1K LP Filter 1 (10/10): Band = 1.0e+15-1.0e+16 Hz, Iterations =    9 
          1K LP Filter 1 ( 8/10): Band = 1.0e+15-1.0e+16 Hz, Iterations =    9 
          1K LP Filter 1 ( 4/10): Band = 1.0e+15-1.0e+16 Hz, Iterations =    7 
         40K LP Filter 1 ( 4/10): Band = 1.0e+15-1.0e+16 Hz, Iterations =   10 
                1K Plate ( 1/ 1): Band = 1.0e+15-1.0e+16 Hz, Iterations =    7 
      1K LP Filter Gap 2 ( 1/ 1): Band = 1.0e+15-1.0e+16 Hz, Iterations =    3 
          1K LP Filter 1 ( 5/10): Band = 1.0e+15-1.0e+16 Hz, Iterations =    7 
    1K LP Filter Clamp 2 ( 1/ 1): Band = 1.0e+15-1.0e+16 Hz, Iterations =    7 
          1K LP Filter 2 ( 7/10): Band = 1.0e+15-1.0e+16 Hz, Iterations =   11 
          4K LP Filter 1 ( 8/10): Band = 1.0e+15-1.0e+16 Hz, Iterations =   11 
          1K LP Filter 2 ( 8/10): Band = 1.0e+15-1.0e+16 Hz, Iterations =    9 
       100mK LP Filter 1 ( 9/10): Band = 1.0e+15-1.0e+16 Hz, Iterations =    4 
          1K LP Filter 1 ( 7/10): Band = 1.0e+15-1.0e+16 Hz, Iterations =    8 
       100mK LP Filter 1 (10/10): Band = 1.0e+15-1.0e+16 Hz, Iterations =    5 
   80K IR Filter Clamp 2 ( 1/ 1): Band = 1.0e+15-1.0e+16 Hz, Iterations =  171 
          1K LP Filter 2 (10/10): Band = 1.0e+15-1.0e+16 Hz, Iterations =    6 
         40K LP Filter 1 ( 3/10): Band = 1.0e+15-1.0e+16 Hz, Iterations =   16 
            Array Module ( 1/ 1): Band = 1.0e+15-1.0e+16 Hz, Iterations =    2 
          4K LP Filter 1 ( 7/10): Band = 1.0e+15-1.0e+16 Hz, Iterations =   10 
          1K LP Filter 1 ( 6/10): Band = 1.0e+15-1.0e+16 Hz, Iterations =    9 
          1K LP Filter 2 ( 9/10): Band = 1.0e+15-1.0e+16 Hz, Iterations =    6 
 100mK LP Filter Clamp 1 ( 1/ 1): Band = 1.0e+15-1.0e+16 Hz, Iterations =    4 

  300K IR Filter 1: Iteration =  1, Temperature = 290.894 K, Load = -7.98e-04 W
  300K IR Filter 2: Iteration =  1, Temperature = 271.511 K, Load = -2.26e-03 W
   80K IR Filter 1: Iteration =  1, Temperature = 245.332 K, Load =  1.73e-02 W
   80K IR Filter 2: Iteration =  1, Temperature = 205.044 K, Load =  1.17e-02 W
   80K Al Filter 1: Iteration =  1, Temperature =  81.216 K, Load =  6.06e+00 W
   40K LP Filter 1: Iteration =  1, Temperature =  63.277 K, Load =  1.07e-01 W
    4K LP Filter 1: Iteration =  1, Temperature =  20.632 K, Load =  1.46e-02 W
    1K LP Filter 1: Iteration =  1, Temperature =   1.079 K, Load =  3.51e-06 W
    1K LP Filter 2: Iteration =  1, Temperature =   1.005 K, Load =  2.60e-07 W
 100mK LP Filter 1: Iteration =  1, Temperature =   0.102 K, Load =  7.03e-09 W

  300K IR Filter 1: Iteration =  2, Temperature = 290.751 K, Load = -7.97e-04 W
  300K IR Filter 2: Iteration =  2, Temperature = 274.031 K, Load = -2.07e-03 W
   80K IR Filter 1: Iteration =  2, Temperature = 246.424 K, Load =  1.74e-02 W
   80K IR Filter 2: Iteration =  2, Temperature = 205.237 K, Load =  1.17e-02 W
   80K Al Filter 1: Iteration =  2, Temperature =  81.225 K, Load =  6.10e+00 W
   40K LP Filter 1: Iteration =  2, Temperature =  63.296 K, Load =  1.07e-01 W
    4K LP Filter 1: Iteration =  2, Temperature =  20.641 K, Load =  1.46e-02 W
    1K LP Filter 1: Iteration =  2, Temperature =   1.079 K, Load =  3.51e-06 W
    1K LP Filter 2: Iteration =  2, Temperature =   1.005 K, Load =  2.60e-07 W
 100mK LP Filter 1: Iteration =  2, Temperature =   0.102 K, Load =  7.03e-09 W

  300K IR Filter 1: Iteration =  3, Temperature = 290.828 K, Load = -7.91e-04 W
  300K IR Filter 2: Iteration =  3, Temperature = 274.073 K, Load = -2.07e-03 W
   80K IR Filter 1: Iteration =  3, Temperature = 246.433 K, Load =  1.74e-02 W
   80K IR Filter 2: Iteration =  3, Temperature = 205.241 K, Load =  1.17e-02 W
   80K Al Filter 1: Iteration =  3, Temperature =  81.225 K, Load =  6.10e+00 W
   40K LP Filter 1: Iteration =  3, Temperature =  63.296 K, Load =  1.07e-01 W
    4K LP Filter 1: Iteration =  3, Temperature =  20.641 K, Load =  1.46e-02 W
    1K LP Filter 1: Iteration =  3, Temperature =   1.079 K, Load =  3.51e-06 W
    1K LP Filter 2: Iteration =  3, Temperature =   1.005 K, Load =  2.60e-07 W
 100mK LP Filter 1: Iteration =  3, Temperature =   0.102 K, Load =  7.03e-09 W

  300K IR Filter 1: Iteration =  4, Temperature = 290.829 K, Load = -7.91e-04 W
  300K IR Filter 2: Iteration =  4, Temperature = 274.073 K, Load = -2.07e-03 W
   80K IR Filter 1: Iteration =  4, Temperature = 246.433 K, Load =  1.74e-02 W
   80K IR Filter 2: Iteration =  4, Temperature = 205.241 K, Load =  1.17e-02 W
   80K Al Filter 1: Iteration =  4, Temperature =  81.225 K, Load =  6.10e+00 W
   40K LP Filter 1: Iteration =  4, Temperature =  63.296 K, Load =  1.07e-01 W
    4K LP Filter 1: Iteration =  4, Temperature =  20.641 K, Load =  1.46e-02 W
    1K LP Filter 1: Iteration =  4, Temperature =   1.079 K, Load =  3.51e-06 W
    1K LP Filter 2: Iteration =  4, Temperature =   1.005 K, Load =  2.60e-07 W
 100mK LP Filter 1: Iteration =  4, Temperature =   0.102 K, Load =  7.03e-09 W

  300K IR Filter 1: Iteration =  5, Temperature = 290.830 K, Load = -7.91e-04 W
  300K IR Filter 2: Iteration =  5, Temperature = 274.073 K, Load = -2.07e-03 W
   80K IR Filter 1: Iteration =  5, Temperature = 246.433 K, Load =  1.74e-02 W
   80K IR Filter 2: Iteration =  5, Temperature = 205.241 K, Load =  1.17e-02 W
   80K Al Filter 1: Iteration =  5, Temperature =  81.225 K, Load =  6.10e+00 W
   40K LP Filter 1: Iteration =  5, Temperature =  63.296 K, Load =  1.07e-01 W
    4K LP Filter 1: Iteration =  5, Temperature =  20.641 K, Load =  1.46e-02 W
    1K LP Filter 1: Iteration =  5, Temperature =   1.079 K, Load =  3.51e-06 W
    1K LP Filter 2: Iteration =  5, Temperature =   1.005 K, Load =  2.60e-07 W
 100mK LP Filter 1: Iteration =  5, Temperature =   0.102 K, Load =  7.03e-09 W

  300K IR Filter 1: Iteration =  6, Temperature = 290.830 K, Load = -7.91e-04 W
  300K IR Filter 2: Iteration =  6, Temperature = 274.073 K, Load = -2.07e-03 W
   80K IR Filter 1: Iteration =  6, Temperature = 246.433 K, Load =  1.74e-02 W
   80K IR Filter 2: Iteration =  6, Temperature = 205.241 K, Load =  1.17e-02 W
   80K Al Filter 1: Iteration =  6, Temperature =  81.225 K, Load =  6.10e+00 W
   40K LP Filter 1: Iteration =  6, Temperature =  63.296 K, Load =  1.07e-01 W
    4K LP Filter 1: Iteration =  6, Temperature =  20.641 K, Load =  1.46e-02 W
    1K LP Filter 1: Iteration =  6, Temperature =   1.079 K, Load =  3.51e-06 W
    1K LP Filter 2: Iteration =  6, Temperature =   1.005 K, Load =  2.60e-07 W
 100mK LP Filter 1: Iteration =  6, Temperature =   0.102 K, Load =  7.03e-09 W

################################################################################
#                               V2OPT5-V2 Filters                              #
################################################################################

                                     Stage 0                                    
================================================================================
                 Element    Temperature    Center Temperature    Absorbed Power
--------------------------------------------------------------------------------
      Incident Radiation     300.000 K             -              -4.20e+00 W
                  Window     300.000 K             -               0.00e+00 W
            Window Clamp     300.000 K             -              -1.04e-01 W
             Front Plate     300.000 K             -              -2.98e-02 W
        300K IR Filter 1     300.000 K         290.830 K          -7.91e-04 W
  300K IR Filter Clamp 1     300.000 K             -              -1.38e-04 W
    300K IR Filter Gap 1     300.000 K             -              -3.74e-02 W
        300K IR Filter 2     300.000 K         274.073 K          -2.07e-03 W
  300K IR Filter Clamp 2     300.000 K             -              -3.57e-04 W
    300K IR Filter Gap 2     300.000 K             -              -1.90e+00 W
--------------------------------------------------------------------------------
                   TOTAL         -                 -              -6.28e+00 W
================================================================================

                                     Stage I                                    
================================================================================
                 Element    Temperature    Center Temperature    Absorbed Power
--------------------------------------------------------------------------------
         80K IR Filter 1      80.000 K         246.433 K           1.74e-02 W
   80K IR Filter Clamp 1      80.000 K             -               2.57e-04 W
     80K IR Filter Gap 1      80.000 K             -               3.65e-02 W
         80K IR Filter 2      80.000 K         205.241 K           1.17e-02 W
   80K IR Filter Clamp 2      80.000 K             -               4.07e-05 W
     80K IR Filter Gap 2      80.000 K             -               3.32e-03 W
         80K Al Filter 1      80.000 K          81.225 K           6.10e+00 W
   80K Al Filter Clamp 1      80.000 K             -               7.30e-05 W
     80K Al Filter Gap 1      80.000 K             -              -1.13e-02 W
--------------------------------------------------------------------------------
                   TOTAL         -                 -               6.16e+00 W
================================================================================

                                    Stage II                                    
================================================================================
                 Element    Temperature    Center Temperature    Absorbed Power
--------------------------------------------------------------------------------
         40K LP Filter 1      40.000 K          63.296 K           1.07e-01 W
   40K LP Filter Clamp 1      40.000 K             -              -8.14e-06 W
     40K LP Filter Gap 1      40.000 K             -               2.27e-03 W
--------------------------------------------------------------------------------
                   TOTAL         -                 -               1.09e-01 W
================================================================================

                                    Stage III                                   
================================================================================
                 Element    Temperature    Center Temperature    Absorbed Power
--------------------------------------------------------------------------------
          4K LP Filter 1       4.000 K          20.641 K           1.46e-02 W
    4K LP Filter Clamp 1       4.000 K             -               6.11e-06 W
          4K Baffle Tube       4.000 K             -               5.62e-04 W
                4K Plate       4.000 K             -               1.36e-04 W
--------------------------------------------------------------------------------
                   TOTAL         -                 -               1.53e-02 W
================================================================================

                                    Stage IV                                    
================================================================================
                 Element    Temperature    Center Temperature    Absorbed Power
--------------------------------------------------------------------------------
           Lyot Stop Top       1.000 K             -               1.76e-05 W
        Lyot Stop Middle       1.000 K             -               5.91e-07 W
        Lyot Stop Bottom       1.000 K             -               4.91e-06 W
           Lyot Stop Gap       1.000 K             -               2.64e-07 W
          1K LP Filter 1       1.000 K           1.079 K           3.51e-06 W
    1K LP Filter Clamp 1       1.000 K             -               3.93e-09 W
   1K LP Filter Holder 1       1.000 K             -               1.50e-06 W
      1K LP Filter Gap 1       1.000 K             -               1.44e-08 W
          1K LP Filter 2       1.000 K           1.005 K           2.60e-07 W
    1K LP Filter Clamp 2       1.000 K             -               1.97e-10 W
   1K LP Filter Holder 2       1.000 K             -               3.06e-08 W
      1K LP Filter Gap 2       1.000 K             -               5.59e-07 W
                1K Plate       1.000 K             -               8.19e-07 W
--------------------------------------------------------------------------------
                   TOTAL         -                 -               3.00e-05 W
================================================================================

                                     Stage V                                    
================================================================================
                 Element    Temperature    Center Temperature    Absorbed Power
--------------------------------------------------------------------------------
       100mK LP Filter 1       0.100 K           0.102 K           7.03e-09 W
 100mK LP Filter Clamp 1       0.100 K             -               1.32e-09 W
            Array Module       0.100 K             -               1.51e-07 W
--------------------------------------------------------------------------------
                   TOTAL         -                 -               1.60e-07 W
================================================================================

################################################################################

